\BOOKMARK [1][-]{section.1}{Three-tier web applications}{}% 1
\BOOKMARK [2][-]{subsection.1.1}{Static vs. Dynamic Web Applications}{section.1}% 2
\BOOKMARK [3][-]{subsubsection.1.1.1}{Lifetime of a web request}{subsection.1.1}% 3
\BOOKMARK [3][-]{subsubsection.1.1.2}{Accessing remote resources with HTTP}{subsection.1.1}% 4
\BOOKMARK [2][-]{subsection.1.2}{Three-tier application architecture}{section.1}% 5
\BOOKMARK [1][-]{section.2}{Building simple web servers}{}% 6
\BOOKMARK [2][-]{subsection.2.1}{Web servers}{section.2}% 7
\BOOKMARK [2][-]{subsection.2.2}{Node.js}{section.2}% 8
\BOOKMARK [1][-]{section.3}{Generating web pages from data using templates}{}% 9
\BOOKMARK [2][-]{subsection.3.1}{Routes}{section.3}% 10
\BOOKMARK [2][-]{subsection.3.2}{Separation of Concerns}{section.3}% 11
\BOOKMARK [2][-]{subsection.3.3}{Templating}{section.3}% 12
\BOOKMARK [1][-]{section.4}{Handling forms to input data}{}% 13
\BOOKMARK [2][-]{subsection.4.1}{GET and POST methods}{section.4}% 14
\BOOKMARK [2][-]{subsection.4.2}{GET}{section.4}% 15
\BOOKMARK [1][-]{section.5}{Representing data in databases, relational databases}{}% 16
\BOOKMARK [2][-]{subsection.5.1}{Relational Databases}{section.5}% 17
\BOOKMARK [2][-]{subsection.5.2}{MySQL Shell}{section.5}% 18
\BOOKMARK [2][-]{subsection.5.3}{Creating Tables}{section.5}% 19
\BOOKMARK [2][-]{subsection.5.4}{Inserting data}{section.5}% 20
\BOOKMARK [2][-]{subsection.5.5}{Querying data}{section.5}% 21
\BOOKMARK [1][-]{section.6}{Basic database operations, providing access to databases from middleware}{}% 22
\BOOKMARK [2][-]{subsection.6.1}{Primary Keys}{section.6}% 23
\BOOKMARK [3][-]{subsubsection.6.1.1}{Integrity Constraints}{subsection.6.1}% 24
\BOOKMARK [2][-]{subsection.6.2}{Passing variables to the back end}{section.6}% 25
\BOOKMARK [1][-]{section.7}{Building a dynamic web application}{}% 26
\BOOKMARK [1][-]{section.8}{Database schema, ERD}{}% 27
\BOOKMARK [2][-]{subsection.8.1}{Database schema}{section.8}% 28
\BOOKMARK [2][-]{subsection.8.2}{Foreign Keys and SQL Join}{section.8}% 29
\BOOKMARK [1][-]{section.9}{Querying a database \(advanced\)}{}% 30
\BOOKMARK [2][-]{subsection.9.1}{Aggregate Functions}{section.9}% 31
\BOOKMARK [2][-]{subsection.9.2}{LEFT and RIGHT JOIN}{section.9}% 32
\BOOKMARK [2][-]{subsection.9.3}{Nested SQL Queries}{section.9}% 33
\BOOKMARK [1][-]{section.10}{Networking concepts}{}% 34
\BOOKMARK [2][-]{subsection.10.1}{Packet switching}{section.10}% 35
\BOOKMARK [2][-]{subsection.10.2}{The TCP/IP model}{section.10}% 36
\BOOKMARK [3][-]{subsubsection.10.2.1}{Application Layer}{subsection.10.2}% 37
\BOOKMARK [3][-]{subsubsection.10.2.2}{Transport Layer}{subsection.10.2}% 38
\BOOKMARK [3][-]{subsubsection.10.2.3}{Network Layer}{subsection.10.2}% 39
\BOOKMARK [3][-]{subsubsection.10.2.4}{Link Layer}{subsection.10.2}% 40
