This is pdfTeX, Version 3.14159265-2.6-1.40.21 (TeX Live 2020) (preloaded format=pdflatex 2020.12.24)  4 MAR 2021 18:02
entering extended mode
 \write18 enabled.
 %&-line parsing enabled.
**main.tex
(./main.tex
LaTeX2e <2020-10-01> patch level 2
L3 programming layer <2020-12-07> xparse <2020-03-03> (./preamble.tex
(/usr/local/texlive/2020/texmf-dist/tex/latex/base/article.cls
Document Class: article 2020/04/10 v1.4m Standard LaTeX document class
(/usr/local/texlive/2020/texmf-dist/tex/latex/base/size10.clo
File: size10.clo 2020/04/10 v1.4m Standard LaTeX file (size option)
)
\c@part=\count177
\c@section=\count178
\c@subsection=\count179
\c@subsubsection=\count180
\c@paragraph=\count181
\c@subparagraph=\count182
\c@figure=\count183
\c@table=\count184
\abovecaptionskip=\skip47
\belowcaptionskip=\skip48
\bibindent=\dimen138
)
(/usr/local/texlive/2020/texmf-dist/tex/latex/algorithms/algorithm.sty
Package: algorithm 2009/08/24 v0.1 Document Style `algorithm' - floating enviro
nment

(/usr/local/texlive/2020/texmf-dist/tex/latex/float/float.sty
Package: float 2001/11/08 v1.3d Float enhancements (AL)
\c@float@type=\count185
\float@exts=\toks15
\float@box=\box47
\@float@everytoks=\toks16
\@floatcapt=\box48
)
(/usr/local/texlive/2020/texmf-dist/tex/latex/base/ifthen.sty
Package: ifthen 2014/09/29 v1.1c Standard LaTeX ifthen package (DPC)
)
\@float@every@algorithm=\toks17
\c@algorithm=\count186
)
(/usr/local/texlive/2020/texmf-dist/tex/latex/algorithmicx/algpseudocode.sty
Package: algpseudocode 

(/usr/local/texlive/2020/texmf-dist/tex/latex/algorithmicx/algorithmicx.sty
Package: algorithmicx 2005/04/27 v1.2 Algorithmicx

Document Style algorithmicx 1.2 - a greatly improved `algorithmic' style
\c@ALG@line=\count187
\c@ALG@rem=\count188
\c@ALG@nested=\count189
\ALG@tlm=\skip49
\ALG@thistlm=\skip50
\c@ALG@Lnr=\count190
\c@ALG@blocknr=\count191
\c@ALG@storecount=\count192
\c@ALG@tmpcounter=\count193
\ALG@tmplength=\skip51
)
Document Style - pseudocode environments for use with the `algorithmicx' style
) (/usr/local/texlive/2020/texmf-dist/tex/latex/amsfonts/amsfonts.sty
Package: amsfonts 2013/01/14 v3.01 Basic AMSFonts support
\@emptytoks=\toks18
\symAMSa=\mathgroup4
\symAMSb=\mathgroup5
LaTeX Font Info:    Redeclaring math symbol \hbar on input line 98.
LaTeX Font Info:    Overwriting math alphabet `\mathfrak' in version `bold'
(Font)                  U/euf/m/n --> U/euf/b/n on input line 106.
)
(/usr/local/texlive/2020/texmf-dist/tex/latex/amsfonts/amssymb.sty
Package: amssymb 2013/01/14 v3.01 AMS font symbols
)
(/usr/local/texlive/2020/texmf-dist/tex/latex/appendix/appendix.sty
Package: appendix 2020/02/08 v1.2c extra appendix facilities
\c@@pps=\count194
\c@@ppsavesec=\count195
\c@@ppsaveapp=\count196
)
(/usr/local/texlive/2020/texmf-dist/tex/latex/tools/array.sty
Package: array 2020/10/01 v2.5c Tabular extension package (FMi)
\col@sep=\dimen139
\ar@mcellbox=\box49
\extrarowheight=\dimen140
\NC@list=\toks19
\extratabsurround=\skip52
\backup@length=\skip53
\ar@cellbox=\box50
)
(/usr/local/texlive/2020/texmf-dist/tex/latex/booktabs/booktabs.sty
Package: booktabs 2020/01/12 v1.61803398 Publication quality tables
\heavyrulewidth=\dimen141
\lightrulewidth=\dimen142
\cmidrulewidth=\dimen143
\belowrulesep=\dimen144
\belowbottomsep=\dimen145
\aboverulesep=\dimen146
\abovetopsep=\dimen147
\cmidrulesep=\dimen148
\cmidrulekern=\dimen149
\defaultaddspace=\dimen150
\@cmidla=\count197
\@cmidlb=\count198
\@aboverulesep=\dimen151
\@belowrulesep=\dimen152
\@thisruleclass=\count199
\@lastruleclass=\count266
\@thisrulewidth=\dimen153
)
(/usr/local/texlive/2020/texmf-dist/tex/latex/enumitem/enumitem.sty
Package: enumitem 2019/06/20 v3.9 Customized lists
\enitkv@toks@=\toks20
\labelindent=\skip54
\enit@outerparindent=\dimen154
\enit@toks=\toks21
\enit@inbox=\box51
\enit@count@id=\count267
\enitdp@description=\count268
)
(/usr/local/texlive/2020/texmf-dist/tex/latex/mdwtools/footnote.sty
Package: footnote 1997/01/28 1.13 Save footnotes around boxes
\fn@notes=\box52
\fn@width=\dimen155
)
(/usr/local/texlive/2020/texmf-dist/tex/latex/was/gensymb.sty
Package: gensymb 2003/07/02 v1.0 (WaS)
)
(/usr/local/texlive/2020/texmf-dist/tex/latex/geometry/geometry.sty
Package: geometry 2020/01/02 v5.9 Page Geometry

(/usr/local/texlive/2020/texmf-dist/tex/latex/graphics/keyval.sty
Package: keyval 2014/10/28 v1.15 key=value parser (DPC)
\KV@toks@=\toks22
)
(/usr/local/texlive/2020/texmf-dist/tex/generic/iftex/ifvtex.sty
Package: ifvtex 2019/10/25 v1.7 ifvtex legacy package. Use iftex instead.

(/usr/local/texlive/2020/texmf-dist/tex/generic/iftex/iftex.sty
Package: iftex 2020/03/06 v1.0d TeX engine tests
))
\Gm@cnth=\count269
\Gm@cntv=\count270
\c@Gm@tempcnt=\count271
\Gm@bindingoffset=\dimen156
\Gm@wd@mp=\dimen157
\Gm@odd@mp=\dimen158
\Gm@even@mp=\dimen159
\Gm@layoutwidth=\dimen160
\Gm@layoutheight=\dimen161
\Gm@layouthoffset=\dimen162
\Gm@layoutvoffset=\dimen163
\Gm@dimlist=\toks23
)
(/usr/local/texlive/2020/texmf-dist/tex/latex/graphics/graphicx.sty
Package: graphicx 2020/09/09 v1.2b Enhanced LaTeX Graphics (DPC,SPQR)

(/usr/local/texlive/2020/texmf-dist/tex/latex/graphics/graphics.sty
Package: graphics 2020/08/30 v1.4c Standard LaTeX Graphics (DPC,SPQR)

(/usr/local/texlive/2020/texmf-dist/tex/latex/graphics/trig.sty
Package: trig 2016/01/03 v1.10 sin cos tan (DPC)
)
(/usr/local/texlive/2020/texmf-dist/tex/latex/graphics-cfg/graphics.cfg
File: graphics.cfg 2016/06/04 v1.11 sample graphics configuration
)
Package graphics Info: Driver file: pdftex.def on input line 105.

(/usr/local/texlive/2020/texmf-dist/tex/latex/graphics-def/pdftex.def
File: pdftex.def 2020/10/05 v1.2a Graphics/color driver for pdftex
))
\Gin@req@height=\dimen164
\Gin@req@width=\dimen165
)
(/usr/local/texlive/2020/texmf-dist/tex/latex/interval/interval.sty
Package: interval 2019/03/06 v0.4

(/usr/local/texlive/2020/texmf-dist/tex/latex/pgf/utilities/pgfkeys.sty
(/usr/local/texlive/2020/texmf-dist/tex/generic/pgf/utilities/pgfkeys.code.tex
\pgfkeys@pathtoks=\toks24
\pgfkeys@temptoks=\toks25

(/usr/local/texlive/2020/texmf-dist/tex/generic/pgf/utilities/pgfkeysfiltered.c
ode.tex
\pgfkeys@tmptoks=\toks26
))))
(/usr/local/texlive/2020/texmf-dist/tex/latex/karnaugh-map/karnaugh-map.sty
Package: karnaugh-map 2017/02/20 v1.1 Draw Karnaugh Maps

(/usr/local/texlive/2020/texmf-dist/tex/latex/l3packages/xparse/xparse.sty
(/usr/local/texlive/2020/texmf-dist/tex/latex/l3kernel/expl3.sty
Package: expl3 2020-12-07 L3 programming layer (loader) 

(/usr/local/texlive/2020/texmf-dist/tex/latex/l3backend/l3backend-pdftex.def
File: l3backend-pdftex.def 2020-09-24 L3 backend support: PDF output (pdfTeX)
\l__kernel_color_stack_int=\count272
\l__pdf_internal_box=\box53
))
Package: xparse 2020-10-27 L3 Experimental document command parser

(/usr/local/texlive/2020/texmf-dist/tex/latex/l3packages/xparse/xparse-generic.
tex)) (/usr/local/texlive/2020/texmf-dist/tex/generic/xstring/xstring.sty
(/usr/local/texlive/2020/texmf-dist/tex/generic/xstring/xstring.tex
\integerpart=\count273
\decimalpart=\count274
)
Package: xstring 2019/02/06 v1.83 String manipulations (CT)
)
(/usr/local/texlive/2020/texmf-dist/tex/latex/pgf/frontendlayer/tikz.sty
(/usr/local/texlive/2020/texmf-dist/tex/latex/pgf/basiclayer/pgf.sty
(/usr/local/texlive/2020/texmf-dist/tex/latex/pgf/utilities/pgfrcs.sty
(/usr/local/texlive/2020/texmf-dist/tex/generic/pgf/utilities/pgfutil-common.te
x
\pgfutil@everybye=\toks27
\pgfutil@tempdima=\dimen166
\pgfutil@tempdimb=\dimen167

(/usr/local/texlive/2020/texmf-dist/tex/generic/pgf/utilities/pgfutil-common-li
sts.tex))
(/usr/local/texlive/2020/texmf-dist/tex/generic/pgf/utilities/pgfutil-latex.def
\pgfutil@abb=\box54
) (/usr/local/texlive/2020/texmf-dist/tex/generic/pgf/utilities/pgfrcs.code.tex
(/usr/local/texlive/2020/texmf-dist/tex/generic/pgf/pgf.revision.tex)
Package: pgfrcs 2020/12/01 v3.1.7a (3.1.7a)
))
Package: pgf 2020/12/01 v3.1.7a (3.1.7a)

(/usr/local/texlive/2020/texmf-dist/tex/latex/pgf/basiclayer/pgfcore.sty
(/usr/local/texlive/2020/texmf-dist/tex/latex/pgf/systemlayer/pgfsys.sty
(/usr/local/texlive/2020/texmf-dist/tex/generic/pgf/systemlayer/pgfsys.code.tex
Package: pgfsys 2020/12/01 v3.1.7a (3.1.7a)
(/usr/local/texlive/2020/texmf-dist/tex/generic/pgf/utilities/pgfkeys.code.tex)
\pgf@x=\dimen168
\pgf@y=\dimen169
\pgf@xa=\dimen170
\pgf@ya=\dimen171
\pgf@xb=\dimen172
\pgf@yb=\dimen173
\pgf@xc=\dimen174
\pgf@yc=\dimen175
\pgf@xd=\dimen176
\pgf@yd=\dimen177
\w@pgf@writea=\write3
\r@pgf@reada=\read2
\c@pgf@counta=\count275
\c@pgf@countb=\count276
\c@pgf@countc=\count277
\c@pgf@countd=\count278
\t@pgf@toka=\toks28
\t@pgf@tokb=\toks29
\t@pgf@tokc=\toks30
\pgf@sys@id@count=\count279
(/usr/local/texlive/2020/texmf-dist/tex/generic/pgf/systemlayer/pgf.cfg
File: pgf.cfg 2020/12/01 v3.1.7a (3.1.7a)
)
Driver file for pgf: pgfsys-pdftex.def

(/usr/local/texlive/2020/texmf-dist/tex/generic/pgf/systemlayer/pgfsys-pdftex.d
ef
File: pgfsys-pdftex.def 2020/12/01 v3.1.7a (3.1.7a)

(/usr/local/texlive/2020/texmf-dist/tex/generic/pgf/systemlayer/pgfsys-common-p
df.def
File: pgfsys-common-pdf.def 2020/12/01 v3.1.7a (3.1.7a)
)))
(/usr/local/texlive/2020/texmf-dist/tex/generic/pgf/systemlayer/pgfsyssoftpath.
code.tex
File: pgfsyssoftpath.code.tex 2020/12/01 v3.1.7a (3.1.7a)
\pgfsyssoftpath@smallbuffer@items=\count280
\pgfsyssoftpath@bigbuffer@items=\count281
)
(/usr/local/texlive/2020/texmf-dist/tex/generic/pgf/systemlayer/pgfsysprotocol.
code.tex
File: pgfsysprotocol.code.tex 2020/12/01 v3.1.7a (3.1.7a)
)) (/usr/local/texlive/2020/texmf-dist/tex/latex/xcolor/xcolor.sty
Package: xcolor 2016/05/11 v2.12 LaTeX color extensions (UK)

(/usr/local/texlive/2020/texmf-dist/tex/latex/graphics-cfg/color.cfg
File: color.cfg 2016/01/02 v1.6 sample color configuration
)
Package xcolor Info: Driver file: pdftex.def on input line 225.
Package xcolor Info: Model `cmy' substituted by `cmy0' on input line 1348.
Package xcolor Info: Model `hsb' substituted by `rgb' on input line 1352.
Package xcolor Info: Model `RGB' extended on input line 1364.
Package xcolor Info: Model `HTML' substituted by `rgb' on input line 1366.
Package xcolor Info: Model `Hsb' substituted by `hsb' on input line 1367.
Package xcolor Info: Model `tHsb' substituted by `hsb' on input line 1368.
Package xcolor Info: Model `HSB' substituted by `hsb' on input line 1369.
Package xcolor Info: Model `Gray' substituted by `gray' on input line 1370.
Package xcolor Info: Model `wave' substituted by `hsb' on input line 1371.
)
(/usr/local/texlive/2020/texmf-dist/tex/generic/pgf/basiclayer/pgfcore.code.tex
Package: pgfcore 2020/12/01 v3.1.7a (3.1.7a)
(/usr/local/texlive/2020/texmf-dist/tex/generic/pgf/math/pgfmath.code.tex
(/usr/local/texlive/2020/texmf-dist/tex/generic/pgf/math/pgfmathcalc.code.tex
(/usr/local/texlive/2020/texmf-dist/tex/generic/pgf/math/pgfmathutil.code.tex)
(/usr/local/texlive/2020/texmf-dist/tex/generic/pgf/math/pgfmathparser.code.tex
\pgfmath@dimen=\dimen178
\pgfmath@count=\count282
\pgfmath@box=\box55
\pgfmath@toks=\toks31
\pgfmath@stack@operand=\toks32
\pgfmath@stack@operation=\toks33
)
(/usr/local/texlive/2020/texmf-dist/tex/generic/pgf/math/pgfmathfunctions.code.
tex
(/usr/local/texlive/2020/texmf-dist/tex/generic/pgf/math/pgfmathfunctions.basic
.code.tex)
(/usr/local/texlive/2020/texmf-dist/tex/generic/pgf/math/pgfmathfunctions.trigo
nometric.code.tex)
(/usr/local/texlive/2020/texmf-dist/tex/generic/pgf/math/pgfmathfunctions.rando
m.code.tex)
(/usr/local/texlive/2020/texmf-dist/tex/generic/pgf/math/pgfmathfunctions.compa
rison.code.tex)
(/usr/local/texlive/2020/texmf-dist/tex/generic/pgf/math/pgfmathfunctions.base.
code.tex)
(/usr/local/texlive/2020/texmf-dist/tex/generic/pgf/math/pgfmathfunctions.round
.code.tex)
(/usr/local/texlive/2020/texmf-dist/tex/generic/pgf/math/pgfmathfunctions.misc.
code.tex)
(/usr/local/texlive/2020/texmf-dist/tex/generic/pgf/math/pgfmathfunctions.integ
erarithmetics.code.tex)))
(/usr/local/texlive/2020/texmf-dist/tex/generic/pgf/math/pgfmathfloat.code.tex
\c@pgfmathroundto@lastzeros=\count283
)) (/usr/local/texlive/2020/texmf-dist/tex/generic/pgf/math/pgfint.code.tex)
(/usr/local/texlive/2020/texmf-dist/tex/generic/pgf/basiclayer/pgfcorepoints.co
de.tex
File: pgfcorepoints.code.tex 2020/12/01 v3.1.7a (3.1.7a)
\pgf@picminx=\dimen179
\pgf@picmaxx=\dimen180
\pgf@picminy=\dimen181
\pgf@picmaxy=\dimen182
\pgf@pathminx=\dimen183
\pgf@pathmaxx=\dimen184
\pgf@pathminy=\dimen185
\pgf@pathmaxy=\dimen186
\pgf@xx=\dimen187
\pgf@xy=\dimen188
\pgf@yx=\dimen189
\pgf@yy=\dimen190
\pgf@zx=\dimen191
\pgf@zy=\dimen192
)
(/usr/local/texlive/2020/texmf-dist/tex/generic/pgf/basiclayer/pgfcorepathconst
ruct.code.tex
File: pgfcorepathconstruct.code.tex 2020/12/01 v3.1.7a (3.1.7a)
\pgf@path@lastx=\dimen193
\pgf@path@lasty=\dimen194
)
(/usr/local/texlive/2020/texmf-dist/tex/generic/pgf/basiclayer/pgfcorepathusage
.code.tex
File: pgfcorepathusage.code.tex 2020/12/01 v3.1.7a (3.1.7a)
\pgf@shorten@end@additional=\dimen195
\pgf@shorten@start@additional=\dimen196
)
(/usr/local/texlive/2020/texmf-dist/tex/generic/pgf/basiclayer/pgfcorescopes.co
de.tex
File: pgfcorescopes.code.tex 2020/12/01 v3.1.7a (3.1.7a)
\pgfpic=\box56
\pgf@hbox=\box57
\pgf@layerbox@main=\box58
\pgf@picture@serial@count=\count284
)
(/usr/local/texlive/2020/texmf-dist/tex/generic/pgf/basiclayer/pgfcoregraphicst
ate.code.tex
File: pgfcoregraphicstate.code.tex 2020/12/01 v3.1.7a (3.1.7a)
\pgflinewidth=\dimen197
)
(/usr/local/texlive/2020/texmf-dist/tex/generic/pgf/basiclayer/pgfcoretransform
ations.code.tex
File: pgfcoretransformations.code.tex 2020/12/01 v3.1.7a (3.1.7a)
\pgf@pt@x=\dimen198
\pgf@pt@y=\dimen199
\pgf@pt@temp=\dimen256
)
(/usr/local/texlive/2020/texmf-dist/tex/generic/pgf/basiclayer/pgfcorequick.cod
e.tex
File: pgfcorequick.code.tex 2020/12/01 v3.1.7a (3.1.7a)
)
(/usr/local/texlive/2020/texmf-dist/tex/generic/pgf/basiclayer/pgfcoreobjects.c
ode.tex
File: pgfcoreobjects.code.tex 2020/12/01 v3.1.7a (3.1.7a)
)
(/usr/local/texlive/2020/texmf-dist/tex/generic/pgf/basiclayer/pgfcorepathproce
ssing.code.tex
File: pgfcorepathprocessing.code.tex 2020/12/01 v3.1.7a (3.1.7a)
)
(/usr/local/texlive/2020/texmf-dist/tex/generic/pgf/basiclayer/pgfcorearrows.co
de.tex
File: pgfcorearrows.code.tex 2020/12/01 v3.1.7a (3.1.7a)
\pgfarrowsep=\dimen257
)
(/usr/local/texlive/2020/texmf-dist/tex/generic/pgf/basiclayer/pgfcoreshade.cod
e.tex
File: pgfcoreshade.code.tex 2020/12/01 v3.1.7a (3.1.7a)
\pgf@max=\dimen258
\pgf@sys@shading@range@num=\count285
\pgf@shadingcount=\count286
)
(/usr/local/texlive/2020/texmf-dist/tex/generic/pgf/basiclayer/pgfcoreimage.cod
e.tex
File: pgfcoreimage.code.tex 2020/12/01 v3.1.7a (3.1.7a)

(/usr/local/texlive/2020/texmf-dist/tex/generic/pgf/basiclayer/pgfcoreexternal.
code.tex
File: pgfcoreexternal.code.tex 2020/12/01 v3.1.7a (3.1.7a)
\pgfexternal@startupbox=\box59
))
(/usr/local/texlive/2020/texmf-dist/tex/generic/pgf/basiclayer/pgfcorelayers.co
de.tex
File: pgfcorelayers.code.tex 2020/12/01 v3.1.7a (3.1.7a)
)
(/usr/local/texlive/2020/texmf-dist/tex/generic/pgf/basiclayer/pgfcoretranspare
ncy.code.tex
File: pgfcoretransparency.code.tex 2020/12/01 v3.1.7a (3.1.7a)
)
(/usr/local/texlive/2020/texmf-dist/tex/generic/pgf/basiclayer/pgfcorepatterns.
code.tex
File: pgfcorepatterns.code.tex 2020/12/01 v3.1.7a (3.1.7a)
)
(/usr/local/texlive/2020/texmf-dist/tex/generic/pgf/basiclayer/pgfcorerdf.code.
tex
File: pgfcorerdf.code.tex 2020/12/01 v3.1.7a (3.1.7a)
)))
(/usr/local/texlive/2020/texmf-dist/tex/generic/pgf/modules/pgfmoduleshapes.cod
e.tex
File: pgfmoduleshapes.code.tex 2020/12/01 v3.1.7a (3.1.7a)
\pgfnodeparttextbox=\box60
)
(/usr/local/texlive/2020/texmf-dist/tex/generic/pgf/modules/pgfmoduleplot.code.
tex
File: pgfmoduleplot.code.tex 2020/12/01 v3.1.7a (3.1.7a)
)
(/usr/local/texlive/2020/texmf-dist/tex/latex/pgf/compatibility/pgfcomp-version
-0-65.sty
Package: pgfcomp-version-0-65 2020/12/01 v3.1.7a (3.1.7a)
\pgf@nodesepstart=\dimen259
\pgf@nodesepend=\dimen260
)
(/usr/local/texlive/2020/texmf-dist/tex/latex/pgf/compatibility/pgfcomp-version
-1-18.sty
Package: pgfcomp-version-1-18 2020/12/01 v3.1.7a (3.1.7a)
))
(/usr/local/texlive/2020/texmf-dist/tex/latex/pgf/utilities/pgffor.sty
(/usr/local/texlive/2020/texmf-dist/tex/latex/pgf/math/pgfmath.sty
(/usr/local/texlive/2020/texmf-dist/tex/generic/pgf/math/pgfmath.code.tex))
(/usr/local/texlive/2020/texmf-dist/tex/generic/pgf/utilities/pgffor.code.tex
Package: pgffor 2020/12/01 v3.1.7a (3.1.7a)

(/usr/local/texlive/2020/texmf-dist/tex/generic/pgf/math/pgfmath.code.tex)
\pgffor@iter=\dimen261
\pgffor@skip=\dimen262
\pgffor@stack=\toks34
\pgffor@toks=\toks35
))
(/usr/local/texlive/2020/texmf-dist/tex/generic/pgf/frontendlayer/tikz/tikz.cod
e.tex
Package: tikz 2020/12/01 v3.1.7a (3.1.7a)

(/usr/local/texlive/2020/texmf-dist/tex/generic/pgf/libraries/pgflibraryplothan
dlers.code.tex
File: pgflibraryplothandlers.code.tex 2020/12/01 v3.1.7a (3.1.7a)
\pgf@plot@mark@count=\count287
\pgfplotmarksize=\dimen263
)
\tikz@lastx=\dimen264
\tikz@lasty=\dimen265
\tikz@lastxsaved=\dimen266
\tikz@lastysaved=\dimen267
\tikz@lastmovetox=\dimen268
\tikz@lastmovetoy=\dimen269
\tikzleveldistance=\dimen270
\tikzsiblingdistance=\dimen271
\tikz@figbox=\box61
\tikz@figbox@bg=\box62
\tikz@tempbox=\box63
\tikz@tempbox@bg=\box64
\tikztreelevel=\count288
\tikznumberofchildren=\count289
\tikznumberofcurrentchild=\count290
\tikz@fig@count=\count291

(/usr/local/texlive/2020/texmf-dist/tex/generic/pgf/modules/pgfmodulematrix.cod
e.tex
File: pgfmodulematrix.code.tex 2020/12/01 v3.1.7a (3.1.7a)
\pgfmatrixcurrentrow=\count292
\pgfmatrixcurrentcolumn=\count293
\pgf@matrix@numberofcolumns=\count294
)
\tikz@expandcount=\count295

(/usr/local/texlive/2020/texmf-dist/tex/generic/pgf/frontendlayer/tikz/librarie
s/tikzlibrarytopaths.code.tex
File: tikzlibrarytopaths.code.tex 2020/12/01 v3.1.7a (3.1.7a)
)))
(/usr/local/texlive/2020/texmf-dist/tex/generic/pgf/frontendlayer/tikz/librarie
s/tikzlibrarycalc.code.tex
File: tikzlibrarycalc.code.tex 2020/12/01 v3.1.7a (3.1.7a)
)
(/usr/local/texlive/2020/texmf-dist/tex/generic/pgf/frontendlayer/tikz/librarie
s/tikzlibrarymatrix.code.tex
File: tikzlibrarymatrix.code.tex 2020/12/01 v3.1.7a (3.1.7a)
)
\@karnaughmap@var@colorindex@=\count296
)
(/usr/local/texlive/2020/texmf-dist/tex/latex/lipsum/lipsum.sty
Package: lipsum 2019/01/02 v2.2 150 paragraphs of Lorem Ipsum dummy text

(/usr/local/texlive/2020/texmf-dist/tex/latex/lipsum/lipsum.ltd.tex
File: lipsum.ltd.tex 2019/01/02 v2.2 The Lorem ipsum dummy text
))
(/usr/local/texlive/2020/texmf-dist/tex/latex/listings/listings.sty
\lst@mode=\count297
\lst@gtempboxa=\box65
\lst@token=\toks36
\lst@length=\count298
\lst@currlwidth=\dimen272
\lst@column=\count299
\lst@pos=\count300
\lst@lostspace=\dimen273
\lst@width=\dimen274
\lst@newlines=\count301
\lst@lineno=\count302
\lst@maxwidth=\dimen275

(/usr/local/texlive/2020/texmf-dist/tex/latex/listings/lstmisc.sty
File: lstmisc.sty 2020/03/24 1.8d (Carsten Heinz)
\c@lstnumber=\count303
\lst@skipnumbers=\count304
\lst@framebox=\box66
)
(/usr/local/texlive/2020/texmf-dist/tex/latex/listings/listings.cfg
File: listings.cfg 2020/03/24 1.8d listings configuration
))
Package: listings 2020/03/24 1.8d (Carsten Heinz)

(/usr/local/texlive/2020/texmf-dist/tex/latex/tools/longtable.sty
Package: longtable 2020/01/07 v4.13 Multi-page Table package (DPC)
\LTleft=\skip55
\LTright=\skip56
\LTpre=\skip57
\LTpost=\skip58
\LTchunksize=\count305
\LTcapwidth=\dimen276
\LT@head=\box67
\LT@firsthead=\box68
\LT@foot=\box69
\LT@lastfoot=\box70
\LT@cols=\count306
\LT@rows=\count307
\c@LT@tables=\count308
\c@LT@chunks=\count309
\LT@p@ftn=\toks37
)
(/usr/local/texlive/2020/texmf-dist/tex/latex/makecell/makecell.sty
Package: makecell 2009/08/03 V0.1e Managing of Tab Column Heads and Cells
\rotheadsize=\dimen277
\c@nlinenum=\count310
\TeXr@lab=\toks38
)
(/usr/local/texlive/2020/texmf-dist/tex/latex/mathtools/mathtools.sty
Package: mathtools 2020/03/24 v1.24 mathematical typesetting tools

(/usr/local/texlive/2020/texmf-dist/tex/latex/tools/calc.sty
Package: calc 2017/05/25 v4.3 Infix arithmetic (KKT,FJ)
\calc@Acount=\count311
\calc@Bcount=\count312
\calc@Adimen=\dimen278
\calc@Bdimen=\dimen279
\calc@Askip=\skip59
\calc@Bskip=\skip60
LaTeX Info: Redefining \setlength on input line 80.
LaTeX Info: Redefining \addtolength on input line 81.
\calc@Ccount=\count313
\calc@Cskip=\skip61
)
(/usr/local/texlive/2020/texmf-dist/tex/latex/mathtools/mhsetup.sty
Package: mhsetup 2017/03/31 v1.3 programming setup (MH)
)
(/usr/local/texlive/2020/texmf-dist/tex/latex/amsmath/amsmath.sty
Package: amsmath 2020/09/23 v2.17i AMS math features
\@mathmargin=\skip62

For additional information on amsmath, use the `?' option.
(/usr/local/texlive/2020/texmf-dist/tex/latex/amsmath/amstext.sty
Package: amstext 2000/06/29 v2.01 AMS text

(/usr/local/texlive/2020/texmf-dist/tex/latex/amsmath/amsgen.sty
File: amsgen.sty 1999/11/30 v2.0 generic functions
\@emptytoks=\toks39
\ex@=\dimen280
))
(/usr/local/texlive/2020/texmf-dist/tex/latex/amsmath/amsbsy.sty
Package: amsbsy 1999/11/29 v1.2d Bold Symbols
\pmbraise@=\dimen281
)
(/usr/local/texlive/2020/texmf-dist/tex/latex/amsmath/amsopn.sty
Package: amsopn 2016/03/08 v2.02 operator names
)
\inf@bad=\count314
LaTeX Info: Redefining \frac on input line 234.
\uproot@=\count315
\leftroot@=\count316
LaTeX Info: Redefining \overline on input line 399.
\classnum@=\count317
\DOTSCASE@=\count318
LaTeX Info: Redefining \ldots on input line 496.
LaTeX Info: Redefining \dots on input line 499.
LaTeX Info: Redefining \cdots on input line 620.
\Mathstrutbox@=\box71
\strutbox@=\box72
\big@size=\dimen282
LaTeX Font Info:    Redeclaring font encoding OML on input line 743.
LaTeX Font Info:    Redeclaring font encoding OMS on input line 744.
\macc@depth=\count319
\c@MaxMatrixCols=\count320
\dotsspace@=\muskip16
\c@parentequation=\count321
\dspbrk@lvl=\count322
\tag@help=\toks40
\row@=\count323
\column@=\count324
\maxfields@=\count325
\andhelp@=\toks41
\eqnshift@=\dimen283
\alignsep@=\dimen284
\tagshift@=\dimen285
\tagwidth@=\dimen286
\totwidth@=\dimen287
\lineht@=\dimen288
\@envbody=\toks42
\multlinegap=\skip63
\multlinetaggap=\skip64
\mathdisplay@stack=\toks43
LaTeX Info: Redefining \[ on input line 2923.
LaTeX Info: Redefining \] on input line 2924.
)
LaTeX Info: Thecontrolsequence`\('isalreadyrobust on input line 130.
LaTeX Info: Thecontrolsequence`\)'isalreadyrobust on input line 130.
LaTeX Info: Thecontrolsequence`\['isalreadyrobust on input line 130.
LaTeX Info: Thecontrolsequence`\]'isalreadyrobust on input line 130.
\g_MT_multlinerow_int=\count326
\l_MT_multwidth_dim=\dimen289
\origjot=\skip65
\l_MT_shortvdotswithinadjustabove_dim=\dimen290
\l_MT_shortvdotswithinadjustbelow_dim=\dimen291
\l_MT_above_intertext_sep=\dimen292
\l_MT_below_intertext_sep=\dimen293
\l_MT_above_shortintertext_sep=\dimen294
\l_MT_below_shortintertext_sep=\dimen295
\xmathstrut@box=\box73
\xmathstrut@dim=\dimen296
)
(/usr/local/texlive/2020/texmf-dist/tex/latex/minted/minted.sty
Package: minted 2017/07/19 v2.5 Yet another Pygments shim for LaTeX

(/usr/local/texlive/2020/texmf-dist/tex/latex/kvoptions/kvoptions.sty
Package: kvoptions 2020-10-07 v3.14 Key value format for package options (HO)

(/usr/local/texlive/2020/texmf-dist/tex/generic/ltxcmds/ltxcmds.sty
Package: ltxcmds 2020-05-10 v1.25 LaTeX kernel commands for general use (HO)
)
(/usr/local/texlive/2020/texmf-dist/tex/generic/kvsetkeys/kvsetkeys.sty
Package: kvsetkeys 2019/12/15 v1.18 Key value parser (HO)
))
(/usr/local/texlive/2020/texmf-dist/tex/latex/fvextra/fvextra.sty
Package: fvextra 2019/02/04 v1.4 fvextra - extensions and patches for fancyvrb

(/usr/local/texlive/2020/texmf-dist/tex/latex/etoolbox/etoolbox.sty
Package: etoolbox 2020/10/05 v2.5k e-TeX tools for LaTeX (JAW)
\etb@tempcnta=\count327
)
(/usr/local/texlive/2020/texmf-dist/tex/latex/fancyvrb/fancyvrb.sty
Package: fancyvrb 2020/05/03 v3.6 verbatim text (tvz,hv)
\FV@CodeLineNo=\count328
\FV@InFile=\read3
\FV@TabBox=\box74
\c@FancyVerbLine=\count329
\FV@StepNumber=\count330
\FV@OutFile=\write4
)
(/usr/local/texlive/2020/texmf-dist/tex/latex/upquote/upquote.sty
Package: upquote 2012/04/19 v1.3 upright-quote and grave-accent glyphs in verba
tim
)
(/usr/local/texlive/2020/texmf-dist/tex/latex/lineno/lineno.sty
Package: lineno 2005/11/02 line numbers on paragraphs v4.41
\linenopenalty=\count331
\output=\toks44
\linenoprevgraf=\count332
\linenumbersep=\dimen297
\linenumberwidth=\dimen298
\c@linenumber=\count333
\c@pagewiselinenumber=\count334
\c@LN@truepage=\count335
\c@internallinenumber=\count336
\c@internallinenumbers=\count337
\quotelinenumbersep=\dimen299
\bframerule=\dimen300
\bframesep=\dimen301
\bframebox=\box75
LaTeX Info: Redefining \\ on input line 3056.
)
\c@FV@TrueTabGroupLevel=\count338
\c@FV@TrueTabCounter=\count339
\FV@TabBox@Group=\box76
\FV@TmpLength=\skip66
\c@FV@HighlightLinesStart=\count340
\c@FV@HighlightLinesStop=\count341
\FV@LoopCount=\count342
\FV@NCharsBox=\box77
\FV@BreakIndent=\dimen302
\FV@BreakIndentNChars=\count343
\FV@BreakSymbolSepLeft=\dimen303
\FV@BreakSymbolSepLeftNChars=\count344
\FV@BreakSymbolSepRight=\dimen304
\FV@BreakSymbolSepRightNChars=\count345
\FV@BreakSymbolIndentLeft=\dimen305
\FV@BreakSymbolIndentLeftNChars=\count346
\FV@BreakSymbolIndentRight=\dimen306
\FV@BreakSymbolIndentRightNChars=\count347
\c@FancyVerbLineBreakLast=\count348
\FV@LineBox=\box78
\FV@LineIndentBox=\box79
\FV@LineWidth=\dimen307
)
(/usr/local/texlive/2020/texmf-dist/tex/latex/tools/shellesc.sty
Package: shellesc 2019/11/08 v1.0c unified shell escape interface for LaTeX
Package shellesc Info: Unrestricted shell escape enabled on input line 75.
)
(/usr/local/texlive/2020/texmf-dist/tex/latex/ifplatform/ifplatform.sty
Package: ifplatform 2017/10/13 v0.4a Testing for the operating system

(/usr/local/texlive/2020/texmf-dist/tex/generic/pdftexcmds/pdftexcmds.sty
Package: pdftexcmds 2020-06-27 v0.33 Utility functions of pdfTeX for LuaTeX (HO
)

(/usr/local/texlive/2020/texmf-dist/tex/generic/infwarerr/infwarerr.sty
Package: infwarerr 2019/12/03 v1.5 Providing info/warning/error messages (HO)
)
Package pdftexcmds Info: \pdf@primitive is available.
Package pdftexcmds Info: \pdf@ifprimitive is available.
Package pdftexcmds Info: \pdfdraftmode found.
)
(/usr/local/texlive/2020/texmf-dist/tex/generic/catchfile/catchfile.sty
Package: catchfile 2019/12/09 v1.8 Catch the contents of a file (HO)

(/usr/local/texlive/2020/texmf-dist/tex/generic/etexcmds/etexcmds.sty
Package: etexcmds 2019/12/15 v1.7 Avoid name clashes with e-TeX commands (HO)
))
(/usr/local/texlive/2020/texmf-dist/tex/generic/iftex/ifluatex.sty
Package: ifluatex 2019/10/25 v1.5 ifluatex legacy package. Use iftex instead.
)
runsystem(uname -s > "main.w18")...executed.

 (./main.w18)
runsystem(rm -- "main.w18")...executed.

) (/usr/local/texlive/2020/texmf-dist/tex/latex/framed/framed.sty
Package: framed 2011/10/22 v 0.96: framed or shaded text with page breaks
\OuterFrameSep=\skip67
\fb@frw=\dimen308
\fb@frh=\dimen309
\FrameRule=\dimen310
\FrameSep=\dimen311
)
\minted@appexistsfile=\read4
\minted@bgbox=\box80
\minted@code=\write5
\c@minted@FancyVerbLineTemp=\count349
\c@minted@pygmentizecounter=\count350
\@float@every@listing=\toks45
\c@listing=\count351
)
runsystem(mkdir -p _minted-main)...executed.


(/usr/local/texlive/2020/texmf-dist/tex/latex/nicematrix/nicematrix.sty
(/usr/local/texlive/2020/texmf-dist/tex/latex/l3packages/l3keys2e/l3keys2e.sty
Package: l3keys2e 2020-10-27 LaTeX2e option processing using LaTeX3 keys
)
Package: nicematrix 2020/11/23 v5.7 Enhanced arrays with the help of PGF/TikZ
\g__nicematrix_env_int=\count352
\g__nicematrix_NiceMatrixBlock_int=\count353
\l__nicematrix_columns_width_dim=\dimen312
\g__nicematrix_blocks_wd_dim=\dimen313
\g__nicematrix_blocks_ht_dim=\dimen314
\g__nicematrix_blocks_dp_dim=\dimen315
\l__nicematrix_tabular_width_dim=\dimen316
\l__nicematrix_old_iRow_int=\count354
\l__nicematrix_old_jCol_int=\count355
\l__nicematrix_x_initial_dim=\dimen317
\l__nicematrix_y_initial_dim=\dimen318
\l__nicematrix_x_final_dim=\dimen319
\l__nicematrix_y_final_dim=\dimen320
\l_tmpc_dim=\dimen321
\l_tmpd_dim=\dimen322
\__nicematrix_old_arraycolsep_dim=\dimen323
\g__nicematrix_width_last_col_dim=\dimen324
\g__nicematrix_width_first_col_dim=\dimen325
\g__nicematrix_static_num_of_col_int=\count356
\l__nicematrix_line_width_dim=\dimen326
\g__nicematrix_block_box_int=\count357
\l__nicematrix_first_row_int=\count358
\l__nicematrix_first_col_int=\count359
\l__nicematrix_last_row_int=\count360
\l__nicematrix_last_col_int=\count361
\c@tabularnote=\count362
\l__nicematrix_number_of_notes_int=\count363
\l__nicematrix_cell_space_top_limit_dim=\dimen327
\l__nicematrix_cell_space_bottom_limit_dim=\dimen328
\l__nicematrix_inter_dots_dim=\dimen329
\l__nicematrix_xdots_shorten_dim=\dimen330
\l__nicematrix_radius_dim=\dimen331
\l__nicematrix_notes_above_space_dim=\dimen332
\l__nicematrix_left_margin_dim=\dimen333
\l__nicematrix_right_margin_dim=\dimen334
\l__nicematrix_extra_left_margin_dim=\dimen335
\l__nicematrix_extra_right_margin_dim=\dimen336
\c__nicematrix_max_l_dim=\dimen337
) (/usr/local/texlive/2020/texmf-dist/tex/latex/parskip/parskip.sty
Package: parskip 2020-06-15 v2.0f non-zero parskip adjustments
)
(/usr/local/texlive/2020/texmf-dist/tex/latex/pdfpages/pdfpages.sty
Package: pdfpages 2020/01/28 v0.5q Insert pages of external PDF documents (AM)

(/usr/local/texlive/2020/texmf-dist/tex/latex/eso-pic/eso-pic.sty
Package: eso-pic 2020/10/14 v3.0a eso-pic (RN)
\ESO@tempdima=\dimen338
\ESO@tempdimb=\dimen339
)
\AM@pagewidth=\dimen340
\AM@pageheight=\dimen341

(/usr/local/texlive/2020/texmf-dist/tex/latex/pdfpages/pppdftex.def
File: pppdftex.def 2020/01/28 v0.5q Pdfpages driver for pdfTeX (AM)
)
\AM@pagebox=\box81
\AM@global@opts=\toks46
\AM@pagecnt=\count364
\AM@toc@title=\toks47
\c@AM@survey=\count365
\AM@templatesizebox=\box82
)
(/usr/local/texlive/2020/texmf-dist/tex/latex/pgfplots/pgfplots.sty
(/usr/local/texlive/2020/texmf-dist/tex/generic/pgfplots/pgfplots.revision.tex)
Package: pgfplots 2020/02/29 v1.17 Data Visualization (1.17)
(/usr/local/texlive/2020/texmf-dist/tex/generic/pgfplots/pgfplots.code.tex
(/usr/local/texlive/2020/texmf-dist/tex/generic/pgfplots/pgfplotscore.code.tex
\t@pgfplots@toka=\toks48
\t@pgfplots@tokb=\toks49
\t@pgfplots@tokc=\toks50
\pgfplots@tmpa=\dimen342
\c@pgfplots@coordindex=\count366
\c@pgfplots@scanlineindex=\count367

(/usr/local/texlive/2020/texmf-dist/tex/generic/pgfplots/sys/pgfplotssysgeneric
.code.tex))
(/usr/local/texlive/2020/texmf-dist/tex/generic/pgfplots/libs/pgfplotslibrary.c
ode.tex)
(/usr/local/texlive/2020/texmf-dist/tex/generic/pgfplots/oldpgfcompatib/pgfplot
soldpgfsupp_loader.code.tex
(/usr/local/texlive/2020/texmf-dist/tex/generic/pgf/libraries/pgflibraryfpu.cod
e.tex))
(/usr/local/texlive/2020/texmf-dist/tex/generic/pgfplots/util/pgfplotsutil.code
.tex
(/usr/local/texlive/2020/texmf-dist/tex/generic/pgfplots/liststructure/pgfplots
liststructure.code.tex)
(/usr/local/texlive/2020/texmf-dist/tex/generic/pgfplots/liststructure/pgfplots
liststructureext.code.tex)
(/usr/local/texlive/2020/texmf-dist/tex/generic/pgfplots/liststructure/pgfplots
array.code.tex
\c@pgfplotsarray@tmp=\count368
)
(/usr/local/texlive/2020/texmf-dist/tex/generic/pgfplots/liststructure/pgfplots
matrix.code.tex)
(/usr/local/texlive/2020/texmf-dist/tex/generic/pgfplots/numtable/pgfplotstable
shared.code.tex
\c@pgfplotstable@counta=\count369
\t@pgfplotstable@a=\toks51
)
(/usr/local/texlive/2020/texmf-dist/tex/generic/pgfplots/liststructure/pgfplots
deque.code.tex)
(/usr/local/texlive/2020/texmf-dist/tex/generic/pgfplots/util/pgfplotsbinary.co
de.tex
(/usr/local/texlive/2020/texmf-dist/tex/generic/pgfplots/util/pgfplotsbinary.da
ta.code.tex))
(/usr/local/texlive/2020/texmf-dist/tex/generic/pgfplots/util/pgfplotsutil.verb
.code.tex)
(/usr/local/texlive/2020/texmf-dist/tex/generic/pgfplots/libs/pgflibrarypgfplot
s.surfshading.code.tex
\c@pgfplotslibrarysurf@no=\count370

(/usr/local/texlive/2020/texmf-dist/tex/generic/pgfplots/sys/pgflibrarypgfplots
.surfshading.pgfsys-pdftex.def)))
(/usr/local/texlive/2020/texmf-dist/tex/generic/pgfplots/util/pgfplotscolormap.
code.tex
(/usr/local/texlive/2020/texmf-dist/tex/generic/pgfplots/util/pgfplotscolor.cod
e.tex))
(/usr/local/texlive/2020/texmf-dist/tex/generic/pgfplots/pgfplotsstackedplots.c
ode.tex)
(/usr/local/texlive/2020/texmf-dist/tex/generic/pgfplots/pgfplotsplothandlers.c
ode.tex
(/usr/local/texlive/2020/texmf-dist/tex/generic/pgfplots/pgfplotsmeshplothandle
r.code.tex
(/usr/local/texlive/2020/texmf-dist/tex/generic/pgfplots/pgfplotsmeshplotimage.
code.tex)))
(/usr/local/texlive/2020/texmf-dist/tex/generic/pgfplots/pgfplots.scaling.code.
tex)
(/usr/local/texlive/2020/texmf-dist/tex/generic/pgfplots/pgfplotscoordprocessin
g.code.tex)
(/usr/local/texlive/2020/texmf-dist/tex/generic/pgfplots/pgfplots.errorbars.cod
e.tex)
(/usr/local/texlive/2020/texmf-dist/tex/generic/pgfplots/pgfplots.markers.code.
tex)
(/usr/local/texlive/2020/texmf-dist/tex/generic/pgfplots/pgfplotsticks.code.tex
)
(/usr/local/texlive/2020/texmf-dist/tex/generic/pgfplots/pgfplots.paths.code.te
x)
(/usr/local/texlive/2020/texmf-dist/tex/generic/pgf/frontendlayer/tikz/librarie
s/tikzlibrarydecorations.code.tex
(/usr/local/texlive/2020/texmf-dist/tex/generic/pgf/modules/pgfmoduledecoration
s.code.tex
\pgfdecoratedcompleteddistance=\dimen343
\pgfdecoratedremainingdistance=\dimen344
\pgfdecoratedinputsegmentcompleteddistance=\dimen345
\pgfdecoratedinputsegmentremainingdistance=\dimen346
\pgf@decorate@distancetomove=\dimen347
\pgf@decorate@repeatstate=\count371
\pgfdecorationsegmentamplitude=\dimen348
\pgfdecorationsegmentlength=\dimen349
)
\tikz@lib@dec@box=\box83
)
(/usr/local/texlive/2020/texmf-dist/tex/generic/pgf/frontendlayer/tikz/librarie
s/tikzlibrarydecorations.pathmorphing.code.tex
(/usr/local/texlive/2020/texmf-dist/tex/generic/pgf/libraries/decorations/pgfli
brarydecorations.pathmorphing.code.tex))
(/usr/local/texlive/2020/texmf-dist/tex/generic/pgf/frontendlayer/tikz/librarie
s/tikzlibrarydecorations.pathreplacing.code.tex
(/usr/local/texlive/2020/texmf-dist/tex/generic/pgf/libraries/decorations/pgfli
brarydecorations.pathreplacing.code.tex))
\pgfplots@numplots=\count372
\pgfplots@xmin@reg=\dimen350
\pgfplots@xmax@reg=\dimen351
\pgfplots@ymin@reg=\dimen352
\pgfplots@ymax@reg=\dimen353
\pgfplots@zmin@reg=\dimen354
\pgfplots@zmax@reg=\dimen355
)
(/usr/local/texlive/2020/texmf-dist/tex/generic/pgf/frontendlayer/tikz/librarie
s/tikzlibraryplotmarks.code.tex
File: tikzlibraryplotmarks.code.tex 2020/12/01 v3.1.7a (3.1.7a)

(/usr/local/texlive/2020/texmf-dist/tex/generic/pgf/libraries/pgflibraryplotmar
ks.code.tex
File: pgflibraryplotmarks.code.tex 2020/12/01 v3.1.7a (3.1.7a)
)))
(/usr/local/texlive/2020/texmf-dist/tex/latex/sectsty/sectsty.sty
Package: sectsty 2002/02/25 v2.0.2 Commands to change all sectional heading sty
les


LaTeX Warning: Command \underbar  has changed.
               Check if current package is valid.


LaTeX Warning: Command \underline  has changed.
               Check if current package is valid.

) (/usr/local/texlive/2020/texmf-dist/tex/latex/caption/subcaption.sty
Package: subcaption 2020/10/07 v1.3j Sub-captions (AR)

(/usr/local/texlive/2020/texmf-dist/tex/latex/caption/caption.sty
Package: caption 2020/10/26 v3.5g Customizing captions (AR)

(/usr/local/texlive/2020/texmf-dist/tex/latex/caption/caption3.sty
Package: caption3 2020/10/21 v2.2e caption3 kernel (AR)
\captionmargin=\dimen356
\captionmargin@=\dimen357
\captionwidth=\dimen358
\caption@tempdima=\dimen359
\caption@indent=\dimen360
\caption@parindent=\dimen361
\caption@hangindent=\dimen362
Package caption Info: Standard document class detected.
)
\c@caption@flags=\count373
\c@continuedfloat=\count374
Package caption Info: float package is loaded.
Package caption Info: listings package is loaded.
Package caption Info: longtable package is loaded.

(/usr/local/texlive/2020/texmf-dist/tex/latex/caption/ltcaption.sty
Package: ltcaption 2020/05/30 v1.4b longtable captions (AR)
))
\c@subfigure=\count375
\c@subtable=\count376
)
(/usr/local/texlive/2020/texmf-dist/tex/latex/tablefootnote/tablefootnote.sty
Package: tablefootnote 2014/01/26 v1.1c Table foot notes (HMM)

(/usr/local/texlive/2020/texmf-dist/tex/latex/letltxmacro/letltxmacro.sty
Package: letltxmacro 2019/12/03 v1.6 Let assignment for LaTeX macros (HO)
)
(/usr/local/texlive/2020/texmf-dist/tex/latex/xifthen/xifthen.sty
Package: xifthen 2015/11/05 v1.4.0 Extended ifthen features

(/usr/local/texlive/2020/texmf-dist/tex/latex/ifmtarg/ifmtarg.sty
Package: ifmtarg 2018/04/16 v1.2b check for an empty argument
)))
(/usr/local/texlive/2020/texmf-dist/tex/latex/base/textcomp.sty
Package: textcomp 2020/02/02 v2.0n Standard LaTeX package
)
(/usr/local/texlive/2020/texmf-dist/tex/latex/titlecaps/titlecaps.sty
Package: titlecaps 2015/01/30 V1.2 Routines for setting rich-text input into Ti
tling Caps

(/usr/local/texlive/2020/texmf-dist/tex/latex/ifnextok/ifnextok.sty
Package: ifnextok 2011/06/27 v0.3 test next token (UL)
)
\c@lcword@index=\count377
\c@word@count=\count378
\c@lc@words=\count379
\c@dia@count=\count380
\c@arg@@@index=\count381
)
(/usr/local/texlive/2020/texmf-dist/tex/latex/venndiagram/venndiagram.sty
Package: venndiagram 2018/06/07 v1.2 (NLCT) Venn diagrams

(/usr/local/texlive/2020/texmf-dist/tex/latex/xkeyval/xkeyval.sty
Package: xkeyval 2020/11/20 v2.8 package option processing (HA)

(/usr/local/texlive/2020/texmf-dist/tex/generic/xkeyval/xkeyval.tex
(/usr/local/texlive/2020/texmf-dist/tex/generic/xkeyval/xkvutils.tex
\XKV@toks=\toks52
\XKV@tempa@toks=\toks53
)
\XKV@depth=\count382
File: xkeyval.tex 2014/12/03 v2.7a key=value parser (HA)
))
\@venn@Ax=\skip68
\@venn@Ay=\skip69
\@venn@Bx=\skip70
\@venn@By=\skip71
\@venn@Cx=\skip72
\@venn@Cy=\skip73
\@venn@w=\skip74
\@venn@h=\skip75
\@venn@intersect@i@x=\skip76
\@venn@intersect@i@y=\skip77
\@venn@intersect@ii@x=\skip78
\@venn@intersect@ii@y=\skip79
)
(/usr/local/texlive/2020/texmf-dist/tex/latex/wrapfig/wrapfig.sty
\wrapoverhang=\dimen363
\WF@size=\dimen364
\c@WF@wrappedlines=\count383
\WF@box=\box84
\WF@everypar=\toks54
Package: wrapfig 2003/01/31  v 3.6
)
(/usr/local/texlive/2020/texmf-dist/tex/latex/mdframed/mdframed.sty
Package: mdframed 2013/07/01 1.9b: mdframed

(/usr/local/texlive/2020/texmf-dist/tex/latex/zref/zref-abspage.sty
Package: zref-abspage 2020-07-03 v2.32 Module abspage for zref (HO)

(/usr/local/texlive/2020/texmf-dist/tex/latex/zref/zref-base.sty
Package: zref-base 2020-07-03 v2.32 Module base for zref (HO)

(/usr/local/texlive/2020/texmf-dist/tex/generic/kvdefinekeys/kvdefinekeys.sty
Package: kvdefinekeys 2019-12-19 v1.6 Define keys (HO)
)
(/usr/local/texlive/2020/texmf-dist/tex/latex/auxhook/auxhook.sty
Package: auxhook 2019-12-17 v1.6 Hooks for auxiliary files (HO)
)
Package zref Info: New property list: main on input line 764.
Package zref Info: New property: default on input line 765.
Package zref Info: New property: page on input line 766.
)
(/usr/local/texlive/2020/texmf-dist/tex/latex/base/atbegshi-ltx.sty
Package: atbegshi-ltx 2020/08/17 v1.0a Emulation of the original atbegshi packa
ge
with kernel methods
)
\c@abspage=\count384
Package zref Info: New property: abspage on input line 66.
)
(/usr/local/texlive/2020/texmf-dist/tex/latex/needspace/needspace.sty
Package: needspace 2010/09/12 v1.3d reserve vertical space
)
\mdf@templength=\skip80
\c@mdf@globalstyle@cnt=\count385
\mdf@skipabove@length=\skip81
\mdf@skipbelow@length=\skip82
\mdf@leftmargin@length=\skip83
\mdf@rightmargin@length=\skip84
\mdf@innerleftmargin@length=\skip85
\mdf@innerrightmargin@length=\skip86
\mdf@innertopmargin@length=\skip87
\mdf@innerbottommargin@length=\skip88
\mdf@splittopskip@length=\skip89
\mdf@splitbottomskip@length=\skip90
\mdf@outermargin@length=\skip91
\mdf@innermargin@length=\skip92
\mdf@linewidth@length=\skip93
\mdf@innerlinewidth@length=\skip94
\mdf@middlelinewidth@length=\skip95
\mdf@outerlinewidth@length=\skip96
\mdf@roundcorner@length=\skip97
\mdf@footenotedistance@length=\skip98
\mdf@userdefinedwidth@length=\skip99
\mdf@needspace@length=\skip100
\mdf@frametitleaboveskip@length=\skip101
\mdf@frametitlebelowskip@length=\skip102
\mdf@frametitlerulewidth@length=\skip103
\mdf@frametitleleftmargin@length=\skip104
\mdf@frametitlerightmargin@length=\skip105
\mdf@shadowsize@length=\skip106
\mdf@extratopheight@length=\skip107
\mdf@subtitleabovelinewidth@length=\skip108
\mdf@subtitlebelowlinewidth@length=\skip109
\mdf@subtitleaboveskip@length=\skip110
\mdf@subtitlebelowskip@length=\skip111
\mdf@subtitleinneraboveskip@length=\skip112
\mdf@subtitleinnerbelowskip@length=\skip113
\mdf@subsubtitleabovelinewidth@length=\skip114
\mdf@subsubtitlebelowlinewidth@length=\skip115
\mdf@subsubtitleaboveskip@length=\skip116
\mdf@subsubtitlebelowskip@length=\skip117
\mdf@subsubtitleinneraboveskip@length=\skip118
\mdf@subsubtitleinnerbelowskip@length=\skip119

(/usr/local/texlive/2020/texmf-dist/tex/latex/mdframed/md-frame-1.mdf
File: md-frame-1.mdf 2013/07/01\ 1.9b: md-frame-1
)
\mdf@frametitlebox=\box85
\mdf@footnotebox=\box86
\mdf@splitbox@one=\box87
\mdf@splitbox@two=\box88
\mdf@splitbox@save=\box89
\mdfsplitboxwidth=\skip120
\mdfsplitboxtotalwidth=\skip121
\mdfsplitboxheight=\skip122
\mdfsplitboxdepth=\skip123
\mdfsplitboxtotalheight=\skip124
\mdfframetitleboxwidth=\skip125
\mdfframetitleboxtotalwidth=\skip126
\mdfframetitleboxheight=\skip127
\mdfframetitleboxdepth=\skip128
\mdfframetitleboxtotalheight=\skip129
\mdffootnoteboxwidth=\skip130
\mdffootnoteboxtotalwidth=\skip131
\mdffootnoteboxheight=\skip132
\mdffootnoteboxdepth=\skip133
\mdffootnoteboxtotalheight=\skip134
\mdftotallinewidth=\skip135
\mdfboundingboxwidth=\skip136
\mdfboundingboxtotalwidth=\skip137
\mdfboundingboxheight=\skip138
\mdfboundingboxdepth=\skip139
\mdfboundingboxtotalheight=\skip140
\mdf@freevspace@length=\skip141
\mdf@horizontalwidthofbox@length=\skip142
\mdf@verticalmarginwhole@length=\skip143
\mdf@horizontalspaceofbox=\skip144
\mdfsubtitleheight=\skip145
\mdfsubsubtitleheight=\skip146
\c@mdfcountframes=\count386

****** mdframed patching \endmdf@trivlist

****** -- success******

\mdf@envdepth=\count387
\c@mdf@env@i=\count388
\c@mdf@env@ii=\count389
\c@mdf@zref@counter=\count390
Package zref Info: New property: mdf@pagevalue on input line 895.
)
(/usr/local/texlive/2020/texmf-dist/tex/latex/hyperref/hyperref.sty
Package: hyperref 2020-05-15 v7.00e Hypertext links for LaTeX

(/usr/local/texlive/2020/texmf-dist/tex/generic/pdfescape/pdfescape.sty
Package: pdfescape 2019/12/09 v1.15 Implements pdfTeX's escape features (HO)
)
(/usr/local/texlive/2020/texmf-dist/tex/latex/hycolor/hycolor.sty
Package: hycolor 2020-01-27 v1.10 Color options for hyperref/bookmark (HO)
)
\@linkdim=\dimen365
\Hy@linkcounter=\count391
\Hy@pagecounter=\count392

(/usr/local/texlive/2020/texmf-dist/tex/latex/hyperref/pd1enc.def
File: pd1enc.def 2020-05-15 v7.00e Hyperref: PDFDocEncoding definition (HO)
Now handling font encoding PD1 ...
... no UTF-8 mapping file for font encoding PD1
)
(/usr/local/texlive/2020/texmf-dist/tex/generic/intcalc/intcalc.sty
Package: intcalc 2019/12/15 v1.3 Expandable calculations with integers (HO)
)
\Hy@SavedSpaceFactor=\count393
Package hyperref Info: Option `colorlinks' set `true' on input line 4338.
Package hyperref Info: Hyper figures OFF on input line 4464.
Package hyperref Info: Link nesting OFF on input line 4469.
Package hyperref Info: Hyper index ON on input line 4472.
Package hyperref Info: Plain pages OFF on input line 4479.
Package hyperref Info: Backreferencing OFF on input line 4484.
Package hyperref Info: Implicit mode ON; LaTeX internals redefined.
Package hyperref Info: Bookmarks ON on input line 4717.
\c@Hy@tempcnt=\count394

(/usr/local/texlive/2020/texmf-dist/tex/latex/url/url.sty
\Urlmuskip=\muskip17
Package: url 2013/09/16  ver 3.4  Verb mode for urls, etc.
)
LaTeX Info: Redefining \url on input line 5076.
\XeTeXLinkMargin=\dimen366

(/usr/local/texlive/2020/texmf-dist/tex/generic/bitset/bitset.sty
Package: bitset 2019/12/09 v1.3 Handle bit-vector datatype (HO)

(/usr/local/texlive/2020/texmf-dist/tex/generic/bigintcalc/bigintcalc.sty
Package: bigintcalc 2019/12/15 v1.5 Expandable calculations on big integers (HO
)
))
\Fld@menulength=\count395
\Field@Width=\dimen367
\Fld@charsize=\dimen368
Package hyperref Info: Hyper figures OFF on input line 6347.
Package hyperref Info: Link nesting OFF on input line 6352.
Package hyperref Info: Hyper index ON on input line 6355.
Package hyperref Info: backreferencing OFF on input line 6362.
Package hyperref Info: Link coloring ON on input line 6365.
Package hyperref Info: Link coloring with OCG OFF on input line 6372.
Package hyperref Info: PDF/A mode OFF on input line 6377.
LaTeX Info: Redefining \ref on input line 6417.
LaTeX Info: Redefining \pageref on input line 6421.
\Hy@abspage=\count396
\c@Item=\count397
\c@Hfootnote=\count398
)
Package hyperref Info: Driver (autodetected): hpdftex.

(/usr/local/texlive/2020/texmf-dist/tex/latex/hyperref/hpdftex.def
File: hpdftex.def 2020-05-15 v7.00e Hyperref driver for pdfTeX

(/usr/local/texlive/2020/texmf-dist/tex/latex/base/atveryend-ltx.sty
Package: atveryend-ltx 2020/08/19 v1.0a Emulation of the original atvery packag
e
with kernel methods
)
\HyAnn@Count=\count399
\Fld@listcount=\count400
\c@bookmark@seq@number=\count401

(/usr/local/texlive/2020/texmf-dist/tex/latex/rerunfilecheck/rerunfilecheck.sty
Package: rerunfilecheck 2019/12/05 v1.9 Rerun checks for auxiliary files (HO)

(/usr/local/texlive/2020/texmf-dist/tex/generic/uniquecounter/uniquecounter.sty
Package: uniquecounter 2019/12/15 v1.4 Provide unlimited unique counter (HO)
)
Package uniquecounter Info: New unique counter `rerunfilecheck' on input line 2
86.
)
\Hy@SectionHShift=\skip147
) (/usr/local/texlive/2020/texmf-dist/tex/latex/circuitikz/circuitikz.sty
Package: circuitikz 2020/12/16{} The CircuiTikz circuit drawing package version
 1.2.6

(/usr/local/texlive/2020/texmf-dist/tex/generic/pgf/libraries/pgflibraryarrows.
meta.code.tex
File: pgflibraryarrows.meta.code.tex 2020/12/01 v3.1.7a (3.1.7a)
\pgfarrowinset=\dimen369
\pgfarrowlength=\dimen370
\pgfarrowwidth=\dimen371
\pgfarrowlinewidth=\dimen372
)
(/usr/local/texlive/2020/texmf-dist/tex/generic/pgf/frontendlayer/tikz/librarie
s/tikzlibrarybending.code.tex
File: tikzlibrarybending.code.tex 2020/12/01 v3.1.7a (3.1.7a)

(/usr/local/texlive/2020/texmf-dist/tex/generic/pgf/modules/pgfmodulebending.co
de.tex
File: pgfmodulebending.code.tex 2020/12/01 v3.1.7a (3.1.7a)

(/usr/local/texlive/2020/texmf-dist/tex/generic/pgf/modules/pgfmodulenonlineart
ransformations.code.tex
File: pgfmodulenonlineartransformations.code.tex 2020/12/01 v3.1.7a (3.1.7a)
\pgftransformnonlinearflatness=\dimen373
)
(/usr/local/texlive/2020/texmf-dist/tex/generic/pgf/libraries/pgflibrarycurvili
near.code.tex
File: pgflibrarycurvilinear.code.tex 2020/12/01 v3.1.7a (3.1.7a)
\pgf@curvilinear@time@a=\dimen374
\pgf@curvilinear@length@a=\dimen375
\pgf@curvilinear@length@b=\dimen376
\pgf@curvilinear@length@c=\dimen377
\pgf@curvilinear@length@d=\dimen378
)
\pgf@arrows@the@rigidity=\dimen379
))
(/usr/local/texlive/2020/texmf-dist/tex/generic/pgf/frontendlayer/tikz/librarie
s/tikzlibraryfpu.code.tex)
(/usr/local/texlive/2020/texmf-dist/tex/generic/circuitikz/pgfcirc.defines.tex
\pgf@circ@count@a=\count402
\pgf@circ@count@b=\count403
\pgf@circ@count@c=\count404
\pgf@circ@res@up=\dimen380
\pgf@circ@res@down=\dimen381
\pgf@circ@res@zero=\dimen382
\pgf@circ@res@left=\dimen383
\pgf@circ@res@right=\dimen384
\pgf@circ@res@other=\dimen385
\pgf@circ@res@step=\dimen386
\pgf@circ@res@temp=\dimen387
\pgf@circ@Rlen=\dimen388
\pgf@circ@scaled@Rlen=\dimen389
\pgfstartlinewidth=\dimen390
) (/usr/local/texlive/2020/texmf-dist/tex/generic/circuitikz/pgfcircutils.tex)
(/usr/local/texlive/2020/texmf-dist/tex/generic/circuitikz/pgfcircshapes.tex)
(/usr/local/texlive/2020/texmf-dist/tex/generic/circuitikz/pgfcircmonopoles.tex
) (/usr/local/texlive/2020/texmf-dist/tex/generic/circuitikz/pgfcircbipoles.tex
)
(/usr/local/texlive/2020/texmf-dist/tex/generic/circuitikz/pgfcirctripoles.tex
\pgf@circ@res@count=\count405
)
(/usr/local/texlive/2020/texmf-dist/tex/generic/circuitikz/pgfcircquadpoles.tex
)
(/usr/local/texlive/2020/texmf-dist/tex/generic/circuitikz/pgfcircmultipoles.te
x) (/usr/local/texlive/2020/texmf-dist/tex/generic/circuitikz/pgfcirclabel.tex)
(/usr/local/texlive/2020/texmf-dist/tex/generic/circuitikz/pgfcircvoltage.tex
\pgfcirc@labelshift=\dimen391
)
(/usr/local/texlive/2020/texmf-dist/tex/generic/circuitikz/pgfcirccurrent.tex)
(/usr/local/texlive/2020/texmf-dist/tex/generic/circuitikz/pgfcircflow.tex)
(/usr/local/texlive/2020/texmf-dist/tex/generic/circuitikz/pgfcircpath.tex))
(/usr/local/texlive/2020/texmf-dist/tex/generic/babel/babel.sty
Package: babel 2020/12/16 3.52 The Babel package

(/usr/local/texlive/2020/texmf-dist/tex/generic/babel/babel.def
File: babel.def 2020/12/16 3.52 Babel common definitions
\babel@savecnt=\count406
\U@D=\dimen392
\l@babelnohyphens=\language86

(/usr/local/texlive/2020/texmf-dist/tex/generic/babel/txtbabel.def)
\bbl@readstream=\read5
)
\bbl@dirlevel=\count407

(/usr/local/texlive/2020/texmf-dist/tex/generic/babel-english/british.ldf
Language: british 2017/06/06 v3.3r English support from the babel system

(/usr/local/texlive/2020/texmf-dist/tex/generic/babel-english/english.ldf
Language: english 2017/06/06 v3.3r English support from the babel system
Package babel Info: \l@canadian = using hyphenrules for english
(babel)             (\language0) on input line 102.
Package babel Info: \l@australian = using hyphenrules for ukenglish
(babel)             (\language21) on input line 105.
Package babel Info: \l@newzealand = using hyphenrules for ukenglish
(babel)             (\language21) on input line 108.
)))
(/usr/local/texlive/2020/texmf-dist/tex/latex/cleveref/cleveref.sty
Package: cleveref 2018/03/27 v0.21.4 Intelligent cross-referencing
Package cleveref Info: `hyperref' support loaded on input line 2370.
LaTeX Info: Redefining \cref on input line 2370.
LaTeX Info: Redefining \Cref on input line 2370.
LaTeX Info: Redefining \crefrange on input line 2370.
LaTeX Info: Redefining \Crefrange on input line 2370.
LaTeX Info: Redefining \cpageref on input line 2370.
LaTeX Info: Redefining \Cpageref on input line 2370.
LaTeX Info: Redefining \cpagerefrange on input line 2370.
LaTeX Info: Redefining \Cpagerefrange on input line 2370.
LaTeX Info: Redefining \labelcref on input line 2370.
LaTeX Info: Redefining \labelcpageref on input line 2370.
Package cleveref Info: `algorithmicx' support loaded on input line 3120.
Package cleveref Info: `listings' support loaded on input line 3131.
Package cleveref Info: include cross-reference names in hyperlinks on input lin
e 7836.
Package cleveref Info: include cross-reference names in hyperlinks on input lin
e 7852.
Package cleveref Info: no abbreviation of names on input line 7852.
)
\c@theorem=\count408

(/usr/local/texlive/2020/texmf-dist/tex/generic/pgf/frontendlayer/tikz/librarie
s/tikzlibraryautomata.code.tex
File: tikzlibraryautomata.code.tex 2020/12/01 v3.1.7a (3.1.7a)

(/usr/local/texlive/2020/texmf-dist/tex/generic/pgf/frontendlayer/tikz/librarie
s/tikzlibraryshapes.multipart.code.tex
File: tikzlibraryshapes.multipart.code.tex 2020/12/01 v3.1.7a (3.1.7a)

(/usr/local/texlive/2020/texmf-dist/tex/generic/pgf/libraries/shapes/pgflibrary
shapes.multipart.code.tex
File: pgflibraryshapes.multipart.code.tex 2020/12/01 v3.1.7a (3.1.7a)
\pgfnodepartlowerbox=\box90
\pgfnodeparttwobox=\box91
\pgfnodepartthreebox=\box92
\pgfnodepartfourbox=\box93
\pgfnodeparttwentybox=\box94
\pgfnodepartnineteenbox=\box95
\pgfnodeparteighteenbox=\box96
\pgfnodepartseventeenbox=\box97
\pgfnodepartsixteenbox=\box98
\pgfnodepartfifteenbox=\box99
\pgfnodepartfourteenbox=\box100
\pgfnodepartthirteenbox=\box101
\pgfnodeparttwelvebox=\box102
\pgfnodepartelevenbox=\box103
\pgfnodeparttenbox=\box104
\pgfnodepartninebox=\box105
\pgfnodeparteightbox=\box106
\pgfnodepartsevenbox=\box107
\pgfnodepartsixbox=\box108
\pgfnodepartfivebox=\box109
)))
(/usr/local/texlive/2020/texmf-dist/tex/generic/pgf/frontendlayer/tikz/librarie
s/tikzlibrarypositioning.code.tex
File: tikzlibrarypositioning.code.tex 2020/12/01 v3.1.7a (3.1.7a)
)
(/usr/local/texlive/2020/texmf-dist/tex/generic/pgf/frontendlayer/tikz/librarie
s/tikzlibraryshadows.code.tex
File: tikzlibraryshadows.code.tex 2020/12/01 v3.1.7a (3.1.7a)

(/usr/local/texlive/2020/texmf-dist/tex/generic/pgf/frontendlayer/tikz/librarie
s/tikzlibraryfadings.code.tex
File: tikzlibraryfadings.code.tex 2020/12/01 v3.1.7a (3.1.7a)

(/usr/local/texlive/2020/texmf-dist/tex/generic/pgf/libraries/pgflibraryfadings
.code.tex
File: pgflibraryfadings.code.tex 2020/12/01 v3.1.7a (3.1.7a)
)))
(/usr/local/texlive/2020/texmf-dist/tex/generic/pgf/frontendlayer/tikz/librarie
s/tikzlibraryarrows.code.tex
File: tikzlibraryarrows.code.tex 2020/12/01 v3.1.7a (3.1.7a)

(/usr/local/texlive/2020/texmf-dist/tex/generic/pgf/libraries/pgflibraryarrows.
code.tex
File: pgflibraryarrows.code.tex 2020/12/01 v3.1.7a (3.1.7a)
\arrowsize=\dimen393
))
(/usr/local/texlive/2020/texmf-dist/tex/generic/pgf/frontendlayer/tikz/librarie
s/tikzlibraryshapes.gates.logic.US.code.tex
File: tikzlibraryshapes.gates.logic.US.code.tex 2020/12/01 v3.1.7a (3.1.7a)

(/usr/local/texlive/2020/texmf-dist/tex/generic/pgf/libraries/shapes/circuits/p
gflibraryshapes.gates.logic.US.code.tex
(/usr/local/texlive/2020/texmf-dist/tex/generic/pgf/libraries/shapes/circuits/p
gflibraryshapes.gates.logic.code.tex))))
runsystem(which pygmentize && touch main.aex)...executed.

runsystem(rm main.aex)...executed.

 (./main.aux)
\openout1 = `main.aux'.

LaTeX Font Info:    Checking defaults for OML/cmm/m/it on input line 4.
LaTeX Font Info:    ... okay on input line 4.
LaTeX Font Info:    Checking defaults for OMS/cmsy/m/n on input line 4.
LaTeX Font Info:    ... okay on input line 4.
LaTeX Font Info:    Checking defaults for OT1/cmr/m/n on input line 4.
LaTeX Font Info:    ... okay on input line 4.
LaTeX Font Info:    Checking defaults for T1/cmr/m/n on input line 4.
LaTeX Font Info:    ... okay on input line 4.
LaTeX Font Info:    Checking defaults for TS1/cmr/m/n on input line 4.
LaTeX Font Info:    ... okay on input line 4.
LaTeX Font Info:    Checking defaults for OMX/cmex/m/n on input line 4.
LaTeX Font Info:    ... okay on input line 4.
LaTeX Font Info:    Checking defaults for U/cmr/m/n on input line 4.
LaTeX Font Info:    ... okay on input line 4.
LaTeX Font Info:    Checking defaults for PD1/pdf/m/n on input line 4.
LaTeX Font Info:    ... okay on input line 4.
\symgns@font=\mathgroup6
LaTeX Font Info:    Overwriting symbol font `gns@font' in version `bold'
(Font)                  TS1/cmr/m/n --> TS1/cmr/b/n on input line 4.
Package gensymb Info: Math companion symbols declared on input line 4.
LaTeX Info: Redefining \degree on input line 4.
LaTeX Info: Redefining \celsius on input line 4.
Package gensymb Info: Using text companion symbols for \degree, \celsius and \p
erthousand on input line 4.
LaTeX Info: Redefining \ohm on input line 4.
Package gensymb Info: Using \textohm for \ohm on input line 4.
Package gensymb Info: Using \textmu for \micro on input line 4.

*geometry* driver: auto-detecting
*geometry* detected driver: pdftex
*geometry* verbose mode - [ preamble ] result:
* driver: pdftex
* paper: a4paper
* layout: <same size as paper>
* layoutoffset:(h,v)=(0.0pt,0.0pt)
* modes: 
* h-part:(L,W,R)=(91.04881pt, 443.863pt, 62.59605pt)
* v-part:(T,H,B)=(62.59605pt, 681.04414pt, 101.40665pt)
* \paperwidth=597.50787pt
* \paperheight=845.04684pt
* \textwidth=443.863pt
* \textheight=681.04414pt
* \oddsidemargin=18.77882pt
* \evensidemargin=18.77882pt
* \topmargin=-46.67393pt
* \headheight=12.0pt
* \headsep=25.0pt
* \topskip=10.0pt
* \footskip=30.0pt
* \marginparwidth=57.0pt
* \marginparsep=11.0pt
* \columnsep=10.0pt
* \skip\footins=9.0pt plus 4.0pt minus 2.0pt
* \hoffset=0.0pt
* \voffset=0.0pt
* \mag=1000
* \@twocolumnfalse
* \@twosidefalse
* \@mparswitchfalse
* \@reversemarginfalse
* (1in=72.27pt=25.4mm, 1cm=28.453pt)

(/usr/local/texlive/2020/texmf-dist/tex/context/base/mkii/supp-pdf.mkii
[Loading MPS to PDF converter (version 2006.09.02).]
\scratchcounter=\count409
\scratchdimen=\dimen394
\scratchbox=\box110
\nofMPsegments=\count410
\nofMParguments=\count411
\everyMPshowfont=\toks55
\MPscratchCnt=\count412
\MPscratchDim=\dimen395
\MPnumerator=\count413
\makeMPintoPDFobject=\count414
\everyMPtoPDFconversion=\toks56
) (/usr/local/texlive/2020/texmf-dist/tex/latex/epstopdf-pkg/epstopdf-base.sty
Package: epstopdf-base 2020-01-24 v2.11 Base part for package epstopdf

(/usr/local/texlive/2020/texmf-dist/tex/latex/grfext/grfext.sty
Package: grfext 2019/12/03 v1.3 Manage graphics extensions (HO)
)
Package epstopdf-base Info: Redefining graphics rule for `.eps' on input line 4
85.
Package grfext Info: Graphics extension search list:
(grfext)             [.pdf,.png,.jpg,.mps,.jpeg,.jbig2,.jb2,.PDF,.PNG,.JPG,.JPE
G,.JBIG2,.JB2,.eps]
(grfext)             \AppendGraphicsExtensions on input line 504.

(/usr/local/texlive/2020/texmf-dist/tex/latex/latexconfig/epstopdf-sys.cfg
File: epstopdf-sys.cfg 2010/07/13 v1.3 Configuration of (r)epstopdf for TeX Liv
e
))
\c@lstlisting=\count415
\c@tabularnotesi=\count416
\enitdp@tabularnotes=\count417
\c@tabularnotes*i=\count418
\enitdp@tabularnotes*=\count419

(/usr/local/texlive/2020/texmf-dist/tex/latex/pdflscape/pdflscape.sty
Package: pdflscape 2019/12/05 v0.12 Display of landscape pages in PDF (HO)

(/usr/local/texlive/2020/texmf-dist/tex/latex/graphics/lscape.sty
Package: lscape 2020/05/28 v3.02 Landscape Pages (DPC)
)
Package pdflscape Info: Auto-detected driver: pdftex on input line 81.
)
Package pgfplots notification 'compat/show suggested version=true': document ha
s been generated with the most recent feature set (\pgfplotsset{compat=1.17}).

Package caption Info: Begin \AtBeginDocument code.
Package caption Info: hyperref package is loaded.
Package caption Info: wrapfig package is loaded.
Package caption Info: End \AtBeginDocument code.
Package hyperref Info: Link coloring ON on input line 4.
(/usr/local/texlive/2020/texmf-dist/tex/latex/hyperref/nameref.sty
Package: nameref 2019/09/16 v2.46 Cross-referencing by name of section

(/usr/local/texlive/2020/texmf-dist/tex/latex/refcount/refcount.sty
Package: refcount 2019/12/15 v3.6 Data extraction from label references (HO)
)
(/usr/local/texlive/2020/texmf-dist/tex/generic/gettitlestring/gettitlestring.s
ty
Package: gettitlestring 2019/12/15 v1.6 Cleanup title references (HO)
)
\c@section@level=\count420
)
LaTeX Info: Redefining \ref on input line 4.
LaTeX Info: Redefining \pageref on input line 4.
LaTeX Info: Redefining \nameref on input line 4.
 (./main.out) (./main.out)
\@outlinefile=\write6
\openout6 = `main.out'.

 (./cover.tex
LaTeX Font Info:    Trying to load font information for U+msa on input line 3.

(/usr/local/texlive/2020/texmf-dist/tex/latex/amsfonts/umsa.fd
File: umsa.fd 2013/01/14 v3.01 AMS symbols A
)
LaTeX Font Info:    Trying to load font information for U+msb on input line 3.

(/usr/local/texlive/2020/texmf-dist/tex/latex/amsfonts/umsb.fd
File: umsb.fd 2013/01/14 v3.01 AMS symbols B
) [1

{/usr/local/texlive/2020/texmf-var/fonts/map/pdftex/updmap/pdftex.map}] (./main
.toc [2])
\tf@toc=\write7
\openout7 = `main.toc'.


(./main.lof [3])
\tf@lof=\write8
\openout8 = `main.lof'.

 (./main.lot [4])
\tf@lot=\write9
\openout9 = `main.lot'.

 [5])
Overfull \hbox (13.4282pt too wide) in paragraph at lines 12--48
[][] 
 []

[6]

LaTeX Warning: Citation `interaction_design' on page 7 undefined on input line 
56.


LaTeX Warning: Citation `lewis' on page 7 undefined on input line 57.


LaTeX Warning: Citation `mckay_2013' on page 7 undefined on input line 58.


LaTeX Warning: Citation `garciacabot_measuring_2020' on page 7 undefined on inp
ut line 61.


LaTeX Warning: Citation `lister_gamification:_2015' on page 7 undefined on inpu
t line 61.

[7]

LaTeX Warning: Citation `chiu_effects_2017' on page 8 undefined on input line 7
4.


LaTeX Warning: Citation `jia_designing_2017' on page 8 undefined on input line 
74.

<images/gantt.png, id=483, 2472.23625pt x 844.15375pt>
File: images/gantt.png Graphic file (type png)
<use images/gantt.png>
Package pdftex.def Info: images/gantt.png  used on input line 112.
(pdftex.def)             Requested size: 443.863pt x 151.55469pt.
[8] [9 <./images/gantt.png>]

LaTeX Warning: Citation `gpa_calculator' on page 10 undefined on input line 151
.


LaTeX Warning: Citation `lavoie_2020' on page 10 undefined on input line 154.

<images//brainstorm.png, id=503, 1361.085pt x 908.39375pt>
File: images//brainstorm.png Graphic file (type png)
<use images//brainstorm.png>
Package pdftex.def Info: images//brainstorm.png  used on input line 158.
(pdftex.def)             Requested size: 299.66808pt x 200.0pt.
[10]

LaTeX Warning: Citation `muralidharan_2020' on page 11 undefined on input line 
170.

<images//degree-planner-partial.jpg, id=509, 908.79526pt x 107.2005pt>
File: images//degree-planner-partial.jpg Graphic file (type jpg)
<use images//degree-planner-partial.jpg>
Package pdftex.def Info: images//degree-planner-partial.jpg  used on input line
 172.
(pdftex.def)             Requested size: 443.863pt x 52.35693pt.

LaTeX Warning: Citation `gpa_calculator' on page 11 undefined on input line 186
.

<images//gpa-calculator-io.jpg, id=510, 677.53125pt x 483.60675pt>
File: images//gpa-calculator-io.jpg Graphic file (type jpg)
<use images//gpa-calculator-io.jpg>
Package pdftex.def Info: images//gpa-calculator-io.jpg  used on input line 189.

(pdftex.def)             Requested size: 227.62204pt x 162.46861pt.
[11 <./images//brainstorm.png> <./images//degree-planner-partial.jpg>]

LaTeX Warning: Citation `uol' on page 12 undefined on input line 204.

<images//uol-buried.jpg, id=517, 934.692pt x 814.242pt>
File: images//uol-buried.jpg Graphic file (type jpg)
<use images//uol-buried.jpg>
Package pdftex.def Info: images//uol-buried.jpg  used on input line 207.
(pdftex.def)             Requested size: 286.9704pt x 250.0pt.
[12 <./images//gpa-calculator-io.jpg>]

LaTeX Warning: Citation `slack' on page 13 undefined on input line 225.

<images//slack-share.jpg, id=523, 286.671pt x 392.06474pt>
File: images//slack-share.jpg Graphic file (type jpg)
<use images//slack-share.jpg>
Package pdftex.def Info: images//slack-share.jpg  used on input line 228.
(pdftex.def)             Requested size: 146.23526pt x 200.0pt.
[13 <./images//uol-buried.jpg>]

LaTeX Warning: Citation `glassdoor' on page 14 undefined on input line 245.

<images//glassdoor1.jpg, id=529, 305.943pt x 124.66576pt>
File: images//glassdoor1.jpg Graphic file (type jpg)
<use images//glassdoor1.jpg>
Package pdftex.def Info: images//glassdoor1.jpg  used on input line 248.
(pdftex.def)             Requested size: 305.94223pt x 124.66544pt.
[14 <./images//slack-share.jpg> <./images//glassdoor1.jpg>]

LaTeX Warning: Citation `bowman_1998' on page 15 undefined on input line 303.


LaTeX Warning: Citation `panagiotou_2003' on page 15 undefined on input line 30
3.

[15]

LaTeX Warning: Citation `hutson_2015' on page 16 undefined on input line 311.

[16] [17] [18] [19] [20] [21] [22]
<images//competitive_topper_1.png, id=578, 346.29375pt x 209.11458pt>
File: images//competitive_topper_1.png Graphic file (type png)
<use images//competitive_topper_1.png>
Package pdftex.def Info: images//competitive_topper_1.png  used on input line 6
03.
(pdftex.def)             Requested size: 421.66849pt x 254.63757pt.
<images//casual_checker_1.png, id=579, 343.95166pt x 102.3825pt>
File: images//casual_checker_1.png Graphic file (type png)
<use images//casual_checker_1.png>
Package pdftex.def Info: images//casual_checker_1.png  used on input line 610.
(pdftex.def)             Requested size: 421.66849pt x 125.52042pt.


LaTeX Warning: Citation `balsamiq' on page 23 undefined on input line 616.

[23 <./images//competitive_topper_1.png> <./images//casual_checker_1.png>]
<images/Initial Page.png, id=586, 880.03781pt x 470.50781pt>
File: images/Initial Page.png Graphic file (type png)
<use images/Initial Page.png>
Package pdftex.def Info: images/Initial Page.png  used on input line 620.
(pdftex.def)             Requested size: 443.863pt x 237.30661pt.
<images/Initial Page v07.png, id=587, 880.03781pt x 470.50781pt>
File: images/Initial Page v07.png Graphic file (type png)
<use images/Initial Page v07.png>
Package pdftex.def Info: images/Initial Page v07.png  used on input line 638.
(pdftex.def)             Requested size: 443.863pt x 237.30661pt.
<images/Sign in Page v07.png, id=588, 880.03781pt x 470.50781pt>
File: images/Sign in Page v07.png Graphic file (type png)
<use images/Sign in Page v07.png>
Package pdftex.def Info: images/Sign in Page v07.png  used on input line 644.
(pdftex.def)             Requested size: 443.863pt x 237.30661pt.

[24 <./images/Initial Page.png>]
<images/Full semester - class averages chart 1 v07.png, id=594, 880.03781pt x 5
61.59813pt>
File: images/Full semester - class averages chart 1 v07.png Graphic file (type 
png)
<use images/Full semester - class averages chart 1 v07.png>
Package pdftex.def Info: images/Full semester - class averages chart 1 v07.png 
 used on input line 650.
(pdftex.def)             Requested size: 443.863pt x 283.24919pt.
<images/One course - Leaderboard v07.png, id=595, 880.03781pt x 561.59813pt>
File: images/One course - Leaderboard v07.png Graphic file (type png)
<use images/One course - Leaderboard v07.png>
Package pdftex.def Info: images/One course - Leaderboard v07.png  used on input
 line 656.
(pdftex.def)             Requested size: 443.863pt x 283.24919pt.
 [25 <./images/Initial Page v07.png> <./images/Sign in Page v07.png>] [26 <./im
ages/Full semester - class averages chart 1 v07.png> <./images/One course - Lea
derboard v07.png>]
<images/Double-Diamond-A3-for-publication-A-2000px_1.png, id=610, 797.98125pt x
 467.7475pt>
File: images/Double-Diamond-A3-for-publication-A-2000px_1.png Graphic file (typ
e png)
<use images/Double-Diamond-A3-for-publication-A-2000px_1.png>
Package pdftex.def Info: images/Double-Diamond-A3-for-publication-A-2000px_1.pn
g  used on input line 667.
(pdftex.def)             Requested size: 284.52756pt x 166.77594pt.


LaTeX Warning: Citation `interaction_design' on page 27 undefined on input line
 672.

<images/brainstorm.png, id=611, 1361.085pt x 908.39375pt>
File: images/brainstorm.png Graphic file (type png)
<use images/brainstorm.png>
Package pdftex.def Info: images/brainstorm.png  used on input line 681.
(pdftex.def)             Requested size: 443.863pt x 296.23633pt.
[27 <./images/Double-Diamond-A3-for-publication-A-2000px_1.png>]
<images/mindmap.png, id=617, 1446.40375pt x 744.7825pt>
File: images/mindmap.png Graphic file (type png)
<use images/mindmap.png>
Package pdftex.def Info: images/mindmap.png  used on input line 692.
(pdftex.def)             Requested size: 443.863pt x 228.55048pt.
 [28 <./images/brainstorm.png>]

LaTeX Warning: Citation `sharp_2019' on page 29 undefined on input line 701.


LaTeX Warning: Citation `gottesdiener_gorman_2014' on page 29 undefined on inpu
t line 706.

[29 <./images/mindmap.png>] [30]

LaTeX Warning: Citation `lewis' on page 31 undefined on input line 769.

[31]

LaTeX Warning: Citation `taiko' on page 32 undefined on input line 798.


LaTeX Warning: Citation `gauge' on page 32 undefined on input line 798.

[32]
<images//successful_gauge_testing_log.png, id=650, 607.26875pt x 274.69292pt>
File: images//successful_gauge_testing_log.png Graphic file (type png)
<use images//successful_gauge_testing_log.png>
Package pdftex.def Info: images//successful_gauge_testing_log.png  used on inpu
t line 830.
(pdftex.def)             Requested size: 607.26727pt x 274.69225pt.

Overfull \hbox (163.40427pt too wide) in paragraph at lines 830--831
[][] 
 []

[33]
<images//failed_gauge_testing_log.png, id=655, 605.59584pt x 483.8075pt>
File: images//failed_gauge_testing_log.png Graphic file (type png)
<use images//failed_gauge_testing_log.png>
Package pdftex.def Info: images//failed_gauge_testing_log.png  used on input li
ne 836.
(pdftex.def)             Requested size: 605.59436pt x 483.80632pt.

Overfull \hbox (161.73135pt too wide) in paragraph at lines 836--837
[][] 
 []

[34 <./images//successful_gauge_testing_log.png>]
<images//automated_browser_window_running_tests.png, id=662, 1400.98407pt x 151
6.16437pt>
File: images//automated_browser_window_running_tests.png Graphic file (type png
)
<use images//automated_browser_window_running_tests.png>
Package pdftex.def Info: images//automated_browser_window_running_tests.png  us
ed on input line 844.
(pdftex.def)             Requested size: 1400.98065pt x 1516.16068pt.

Overfull \hbox (957.11765pt too wide) in paragraph at lines 844--845
[][] 
 []

[35 <./images//failed_gauge_testing_log.png>]
Overfull \vbox (863.11653pt too high) has occurred while \output is active []


[36 <./images//automated_browser_window_running_tests.png>]

LaTeX Warning: Reference `fig:success_gauge_testing_report' on page 1 undefined
 on input line 847.

<images//successful_gauge_testing_report.png, id=673, 1284.13083pt x 692.5875pt
>
File: images//successful_gauge_testing_report.png Graphic file (type png)
<use images//successful_gauge_testing_report.png>
Package pdftex.def Info: images//successful_gauge_testing_report.png  used on i
nput line 853.
(pdftex.def)             Requested size: 1284.1277pt x 692.5858pt.

Overfull \hbox (840.2647pt too wide) in paragraph at lines 853--854
[][] 
 []

[37]
Overfull \vbox (39.54166pt too high) has occurred while \output is active []


[38 <./images//successful_gauge_testing_report.png>]

LaTeX Warning: Reference `fig:failed_gauge_report_detail' on page 1 undefined o
n input line 856.

<images//failed_gauge_testing_report.png, id=685, 2890.04718pt x 1558.32187pt>
File: images//failed_gauge_testing_report.png Graphic file (type png)
<use images//failed_gauge_testing_report.png>
Package pdftex.def Info: images//failed_gauge_testing_report.png  used on input
 line 861.
(pdftex.def)             Requested size: 2890.04016pt x 1558.31808pt.

Overfull \hbox (2446.17715pt too wide) in paragraph at lines 861--862
[][] 
 []

[39]
Overfull \vbox (905.27394pt too high) has occurred while \output is active []


[40 <./images//failed_gauge_testing_report.png>]
<images//failed_gauge_testing_report_detail.png, id=695, 2890.04718pt x 1558.32
187pt>
File: images//failed_gauge_testing_report_detail.png Graphic file (type png)
<use images//failed_gauge_testing_report_detail.png>
Package pdftex.def Info: images//failed_gauge_testing_report_detail.png  used o
n input line 867.
(pdftex.def)             Requested size: 2890.04016pt x 1558.31808pt.

Overfull \hbox (2446.17715pt too wide) in paragraph at lines 867--868
[][] 
 []


Overfull \vbox (905.27394pt too high) has occurred while \output is active []


[41 <./images//failed_gauge_testing_report_detail.png>]

LaTeX Warning: Citation `mckay_2013' on page 42 undefined on input line 889.

Package hyperref Info: bookmark level for unknown listing defaults to 0 on inpu
t line 892.
\openout4 = `main.pyg'.

(./_minted-main/default-pyg-prefix.pygstyle) (./_minted-main/default.pygstyle)
(./_minted-main/9764E3FD3A39D9D5EC46D6D933D82A2770A3E08791B8AB9A0B203C33796D48C
1.pygtex
LaTeX Font Info:    Font shape `OT1/cmtt/bx/n' in size <10> not available
(Font)              Font shape `OT1/cmtt/m/n' tried instead on input line 3.
) [42]
\openout4 = `main.pyg'.


(./_minted-main/68B329DA9893E34099C7D8AD5CB9C94070A3E08791B8AB9A0B203C33796D48C
1.pygtex)
\openout4 = `main.pyg'.


(./_minted-main/F7A77617B4E048140E578CF702A4205BAA15CF4BA75075E8168D3671BF7EB06
4.pygtex) [43]
<images/sprint1.png, id=721, 643.40375pt x 584.1825pt>
File: images/sprint1.png Graphic file (type png)
<use images/sprint1.png>
Package pdftex.def Info: images/sprint1.png  used on input line 971.
(pdftex.def)             Requested size: 284.52756pt x 258.34251pt.
 [44]
<images/sprint2.png, id=735, 759.83875pt x 586.19pt>
File: images/sprint2.png Graphic file (type png)
<use images/sprint2.png>
Package pdftex.def Info: images/sprint2.png  used on input line 978.
(pdftex.def)             Requested size: 284.52756pt x 219.50764pt.
<images/sprint3.png, id=736, 759.83875pt x 589.20125pt>
File: images/sprint3.png Graphic file (type png)
<use images/sprint3.png>
Package pdftex.def Info: images/sprint3.png  used on input line 985.
(pdftex.def)             Requested size: 284.52756pt x 220.63525pt.
 [45 <./images/sprint1.png> <./images/sprint2.png>]
<images/moduleoverview.png, id=747, 1155.31625pt x 1153.30875pt>
File: images/moduleoverview.png Graphic file (type png)
<use images/moduleoverview.png>
Package pdftex.def Info: images/moduleoverview.png  used on input line 997.
(pdftex.def)             Requested size: 426.79134pt x 426.04883pt.
 [46 <./images/sprint3.png>]
<images/module.png, id=753, 1155.31625pt x 1153.30875pt>
File: images/module.png Graphic file (type png)
<use images/module.png>
Package pdftex.def Info: images/module.png  used on input line 1004.
(pdftex.def)             Requested size: 284.52756pt x 284.03255pt.
 [47 <./images/moduleoverview.png>]
<images/personal.png, id=759, 1155.31625pt x 1153.30875pt>
File: images/personal.png Graphic file (type png)
<use images/personal.png>
Package pdftex.def Info: images/personal.png  used on input line 1011.
(pdftex.def)             Requested size: 284.52756pt x 284.03255pt.
<images/addgrade.png, id=760, 1155.31625pt x 1153.30875pt>
File: images/addgrade.png Graphic file (type png)
<use images/addgrade.png>
Package pdftex.def Info: images/addgrade.png  used on input line 1018.
(pdftex.def)             Requested size: 284.52756pt x 284.03255pt.
 [48 <./images/module.png> <./images/personal.png>] [49 <./images/addgrade.png>
] [50]
No file main.bbl.
<images/user-guide/slack-sign-in/1.jpg, id=778, 703.62875pt x 503.38063pt>
File: images/user-guide/slack-sign-in/1.jpg Graphic file (type jpg)
<use images/user-guide/slack-sign-in/1.jpg>
Package pdftex.def Info: images/user-guide/slack-sign-in/1.jpg  used on input l
ine 1096.
(pdftex.def)             Requested size: 426.79134pt x 305.32584pt.

LaTeX Warning: Reference `fig:slacksignin1a' on page 1 undefined on input line 
1097.


LaTeX Warning: Reference `fig:slacksignin1a' on page 1 undefined on input line 
1097.

<images/user-guide/slack-sign-in/1a.jpg, id=779, 330.23375pt x 343.2825pt>
File: images/user-guide/slack-sign-in/1a.jpg Graphic file (type jpg)
<use images/user-guide/slack-sign-in/1a.jpg>
Package pdftex.def Info: images/user-guide/slack-sign-in/1a.jpg  used on input 
line 1102.
(pdftex.def)             Requested size: 284.52756pt x 295.7829pt.

LaTeX Warning: Reference `fig:slacksignin4' on page 1 undefined on input line 1
103.


LaTeX Warning: Reference `fig:slacksignin2' on page 1 undefined on input line 1
103.


LaTeX Warning: Reference `fig:slacksignin3' on page 1 undefined on input line 1
103.


LaTeX Warning: Reference `fig:slacksignin4' on page 1 undefined on input line 1
103.


LaTeX Warning: Reference `fig:slacksignin2' on page 1 undefined on input line 1
103.


LaTeX Warning: Reference `fig:slacksignin3' on page 1 undefined on input line 1
103.

<images/user-guide/slack-sign-in/2.jpg, id=780, 383.4325pt x 243.40938pt>
File: images/user-guide/slack-sign-in/2.jpg Graphic file (type jpg)
<use images/user-guide/slack-sign-in/2.jpg>
Package pdftex.def Info: images/user-guide/slack-sign-in/2.jpg  used on input l
ine 1108.
(pdftex.def)             Requested size: 284.52756pt x 180.63266pt.
[51 <./images/user-guide/slack-sign-in/1.jpg>]
<images/user-guide/slack-sign-in/3.jpg, id=787, 369.88188pt x 371.88937pt>
File: images/user-guide/slack-sign-in/3.jpg Graphic file (type jpg)
<use images/user-guide/slack-sign-in/3.jpg>
Package pdftex.def Info: images/user-guide/slack-sign-in/3.jpg  used on input l
ine 1114.
(pdftex.def)             Requested size: 284.52756pt x 286.07196pt.
<images/user-guide/slack-sign-in/4.jpg, id=788, 284.06125pt x 219.31938pt>
File: images/user-guide/slack-sign-in/4.jpg Graphic file (type jpg)
<use images/user-guide/slack-sign-in/4.jpg>
Package pdftex.def Info: images/user-guide/slack-sign-in/4.jpg  used on input l
ine 1120.
(pdftex.def)             Requested size: 284.52756pt x 219.70033pt.
 [52 <./images/user-guide/slack-sign-in/1a.jpg> <./images/user-guide/slack-sign
-in/2.jpg>]
<images/user-guide/slack-sign-in/5.jpg, id=795, 702.12312pt x 521.44812pt>
File: images/user-guide/slack-sign-in/5.jpg Graphic file (type jpg)
<use images/user-guide/slack-sign-in/5.jpg>
Package pdftex.def Info: images/user-guide/slack-sign-in/5.jpg  used on input l
ine 1126.
(pdftex.def)             Requested size: 426.79134pt x 316.97691pt.
 [53 <./images/user-guide/slack-sign-in/3.jpg> <./images/user-guide/slack-sign-
in/4.jpg>]
<images/user-guide/demo-sign-in/1.jpg, id=802, 703.62875pt x 54.70438pt>
File: images/user-guide/demo-sign-in/1.jpg Graphic file (type jpg)
<use images/user-guide/demo-sign-in/1.jpg>
Package pdftex.def Info: images/user-guide/demo-sign-in/1.jpg  used on input li
ne 1134.
(pdftex.def)             Requested size: 426.79134pt x 33.18095pt.
<images/user-guide/demo-sign-in/2.jpg, id=803, 703.62875pt x 486.81876pt>
File: images/user-guide/demo-sign-in/2.jpg Graphic file (type jpg)
<use images/user-guide/demo-sign-in/2.jpg>
Package pdftex.def Info: images/user-guide/demo-sign-in/2.jpg  used on input li
ne 1141.
(pdftex.def)             Requested size: 426.79134pt x 295.28023pt.
 [54 <./images/user-guide/slack-sign-in/5.jpg> <./images/user-guide/demo-sign-i
n/1.jpg>]
<images/user-guide/add-grade/1.jpg, id=811, 703.62875pt x 462.72874pt>
File: images/user-guide/add-grade/1.jpg Graphic file (type jpg)
<use images/user-guide/add-grade/1.jpg>
Package pdftex.def Info: images/user-guide/add-grade/1.jpg  used on input line 
1150.
(pdftex.def)             Requested size: 284.52756pt x 187.11462pt.
<images/user-guide/add-grade/2.jpg, id=812, 660.96938pt x 313.67188pt>
File: images/user-guide/add-grade/2.jpg Graphic file (type jpg)
<use images/user-guide/add-grade/2.jpg>
Package pdftex.def Info: images/user-guide/add-grade/2.jpg  used on input line 
1157.
(pdftex.def)             Requested size: 284.52756pt x 135.02942pt.

[55 <./images/user-guide/demo-sign-in/2.jpg> <./images/user-guide/add-grade/1.j
pg>]
<images/user-guide/add-grade/3.jpg, id=821, 658.46pt x 335.75438pt>
File: images/user-guide/add-grade/3.jpg Graphic file (type jpg)
<use images/user-guide/add-grade/3.jpg>
Package pdftex.def Info: images/user-guide/add-grade/3.jpg  used on input line 
1164.
(pdftex.def)             Requested size: 284.52756pt x 145.08368pt.
<images/user-guide/edit-grade/1.jpg, id=822, 702.12312pt x 428.09938pt>
File: images/user-guide/edit-grade/1.jpg Graphic file (type jpg)
<use images/user-guide/edit-grade/1.jpg>
Package pdftex.def Info: images/user-guide/edit-grade/1.jpg  used on input line
 1173.
(pdftex.def)             Requested size: 426.79134pt x 260.23225pt.
 [56 <./images/user-guide/add-grade/2.jpg> <./images/user-guide/add-grade/3.jpg
>]
<images/user-guide/edit-grade/2.jpg, id=829, 468.75125pt x 436.63126pt>
File: images/user-guide/edit-grade/2.jpg Graphic file (type jpg)
<use images/user-guide/edit-grade/2.jpg>
Package pdftex.def Info: images/user-guide/edit-grade/2.jpg  used on input line
 1180.
(pdftex.def)             Requested size: 284.52756pt x 265.02551pt.


LaTeX Warning: Reference `fig:editgrade1' on page 1 undefined on input line 118
1.


LaTeX Warning: Reference `fig:editgrade1' on page 1 undefined on input line 118
1.

<images/user-guide/edit-grade/3.jpg, id=830, 697.60625pt x 460.72125pt>
File: images/user-guide/edit-grade/3.jpg Graphic file (type jpg)
<use images/user-guide/edit-grade/3.jpg>
Package pdftex.def Info: images/user-guide/edit-grade/3.jpg  used on input line
 1187.
(pdftex.def)             Requested size: 426.79134pt x 281.8691pt.
[57 <./images/user-guide/edit-grade/1.jpg> <./images/user-guide/edit-grade/2.jp
g>]
\openout4 = `main.pyg'.


(./_minted-main/7F6CA9FE36A6333D9B8617EA8BF538E8AA15CF4BA75075E8168D3671BF7EB06
4.pygtex [58 <./images/user-guide/edit-grade/3.jpg>] [59]) [60] (./main.aux)

Package rerunfilecheck Warning: File `main.out' has changed.
(rerunfilecheck)                Rerun to get outlines right
(rerunfilecheck)                or use package `bookmark'.

Package rerunfilecheck Info: Checksums for `main.out':
(rerunfilecheck)             Before: C7498E555DE32B4D37405B6B000DE15C;4174
(rerunfilecheck)             After:  3D8A56FD44C279B6FAFC9DA086E5EF53;4422.

LaTeX Warning: There were undefined references.


LaTeX Warning: Label(s) may have changed. Rerun to get cross-references right.

runsystem(rm main.pyg)...executed.

 ) 
Here is how much of TeX's memory you used:
 55697 strings out of 479382
 1386851 string characters out of 5869369
 2158680 words of memory out of 5000000
 71685 multiletter control sequences out of 15000+600000
 416798 words of font info for 77 fonts, out of 8000000 for 9000
 1141 hyphenation exceptions out of 8191
 98i,12n,100p,768b,939s stack positions out of 5000i,500n,10000p,200000b,80000s
{/usr/local/texlive/2020/texmf-dist/fonts/enc/dvips/cm-super/cm-super-ts1.enc
}</usr/local/texlive/2020/texmf-dist/fonts/type1/public/amsfonts/cm/cmbx10.pfb>
</usr/local/texlive/2020/texmf-dist/fonts/type1/public/amsfonts/cm/cmbx12.pfb><
/usr/local/texlive/2020/texmf-dist/fonts/type1/public/amsfonts/cm/cmbx9.pfb></u
sr/local/texlive/2020/texmf-dist/fonts/type1/public/amsfonts/cm/cmmi5.pfb></usr
/local/texlive/2020/texmf-dist/fonts/type1/public/amsfonts/cm/cmr10.pfb></usr/l
ocal/texlive/2020/texmf-dist/fonts/type1/public/amsfonts/cm/cmr12.pfb></usr/loc
al/texlive/2020/texmf-dist/fonts/type1/public/amsfonts/cm/cmr17.pfb></usr/local
/texlive/2020/texmf-dist/fonts/type1/public/amsfonts/cm/cmr5.pfb></usr/local/te
xlive/2020/texmf-dist/fonts/type1/public/amsfonts/cm/cmr9.pfb></usr/local/texli
ve/2020/texmf-dist/fonts/type1/public/amsfonts/cm/cmsy5.pfb></usr/local/texlive
/2020/texmf-dist/fonts/type1/public/amsfonts/cm/cmti10.pfb></usr/local/texlive/
2020/texmf-dist/fonts/type1/public/amsfonts/cm/cmtt10.pfb></usr/local/texlive/2
020/texmf-dist/fonts/type1/public/amsfonts/symbols/msam10.pfb></usr/local/texli
ve/2020/texmf-dist/fonts/type1/public/cm-super/sfrm1000.pfb>
Output written on main.pdf (60 pages, 7548932 bytes).
PDF statistics:
 945 PDF objects out of 1000 (max. 8388607)
 776 compressed objects within 8 object streams
 205 named destinations out of 1000 (max. 500000)
 817 words of extra memory for PDF output out of 10000 (max. 10000000)

