\BOOKMARK [1][-]{section.1}{Background, Aims and Objectives}{}% 1
\BOOKMARK [2][-]{subsection.1.1}{Introduction and Literature}{section.1}% 2
\BOOKMARK [2][-]{subsection.1.2}{Context and Problem Statement}{section.1}% 3
\BOOKMARK [2][-]{subsection.1.3}{Opportunity}{section.1}% 4
\BOOKMARK [2][-]{subsection.1.4}{Goals}{section.1}% 5
\BOOKMARK [1][-]{section.2}{Planning and Research}{}% 6
\BOOKMARK [2][-]{subsection.2.1}{Planning}{section.2}% 7
\BOOKMARK [3][-]{subsubsection.2.1.1}{[BRAD] Milestones and Plan Updates}{subsection.2.1}% 8
\BOOKMARK [2][-]{subsection.2.2}{Team Roles}{section.2}% 9
\BOOKMARK [2][-]{subsection.2.3}{Market Benchmarking}{section.2}% 10
\BOOKMARK [3][-]{subsubsection.2.3.1}{Grade Tracking}{subsection.2.3}% 11
\BOOKMARK [3][-]{subsubsection.2.3.2}{Grade Sharing}{subsection.2.3}% 12
\BOOKMARK [3][-]{subsubsection.2.3.3}{Summary of Market Benchmarks}{subsection.2.3}% 13
\BOOKMARK [2][-]{subsection.2.4}{Market Positioning}{section.2}% 14
\BOOKMARK [3][-]{subsubsection.2.4.1}{STEEPLE Analysis}{subsection.2.4}% 15
\BOOKMARK [3][-]{subsubsection.2.4.2}{SWOT Analysis}{subsection.2.4}% 16
\BOOKMARK [2][-]{subsection.2.5}{Customer Survey}{section.2}% 17
\BOOKMARK [3][-]{subsubsection.2.5.1}{Online Survey - Design Choices}{subsection.2.5}% 18
\BOOKMARK [3][-]{subsubsection.2.5.2}{Online Survey - Questions and Results}{subsection.2.5}% 19
\BOOKMARK [3][-]{subsubsection.2.5.3}{Online Survey Insights}{subsection.2.5}% 20
\BOOKMARK [1][-]{section.3}{Prototyping and Iteration}{}% 21
\BOOKMARK [2][-]{subsection.3.1}{Techniques}{section.3}% 22
\BOOKMARK [2][-]{subsection.3.2}{Storyboards \046 Sketching}{section.3}% 23
\BOOKMARK [2][-]{subsection.3.3}{Wireframes}{section.3}% 24
\BOOKMARK [1][-]{section.4}{Design}{}% 25
\BOOKMARK [2][-]{subsection.4.1}{Iterative Design}{section.4}% 26
\BOOKMARK [2][-]{subsection.4.2}{Discovery}{section.4}% 27
\BOOKMARK [2][-]{subsection.4.3}{High-Level Requirements Funnel}{section.4}% 28
\BOOKMARK [2][-]{subsection.4.4}{Initial Epics}{section.4}% 29
\BOOKMARK [2][-]{subsection.4.5}{[ARJUN] Justification of Design Decisions}{section.4}% 30
\BOOKMARK [1][-]{section.5}{Testing}{}% 31
\BOOKMARK [2][-]{subsection.5.1}{General methodology}{section.5}% 32
\BOOKMARK [2][-]{subsection.5.2}{Formative Testing}{section.5}% 33
\BOOKMARK [3][-]{subsubsection.5.2.1}{Identifying Users}{subsection.5.2}% 34
\BOOKMARK [3][-]{subsubsection.5.2.2}{Results}{subsection.5.2}% 35
\BOOKMARK [2][-]{subsection.5.3}{Summative Testing}{section.5}% 36
\BOOKMARK [3][-]{subsubsection.5.3.1}{[BRAD] Automated acceptance testing}{subsection.5.3}% 37
\BOOKMARK [3][-]{subsubsection.5.3.2}{User Feedback}{subsection.5.3}% 38
\BOOKMARK [2][-]{subsection.5.4}{Error Handling}{section.5}% 39
\BOOKMARK [1][-]{section.6}{System Development}{}% 40
\BOOKMARK [2][-]{subsection.6.1}{Technical Approach}{section.6}% 41
\BOOKMARK [2][-]{subsection.6.2}{Relevant Code Extracts}{section.6}% 42
\BOOKMARK [2][-]{subsection.6.3}{File Structure}{section.6}% 43
\BOOKMARK [2][-]{subsection.6.4}{Difficulty and novelty of technical challenge}{section.6}% 44
\BOOKMARK [2][-]{subsection.6.5}{Cycle 1 \(Sprints 1-3\)}{section.6}% 45
\BOOKMARK [3][-]{subsubsection.6.5.1}{Sprints}{subsection.6.5}% 46
\BOOKMARK [2][-]{subsection.6.6}{Shipped Product Increment}{section.6}% 47
\BOOKMARK [2][-]{subsection.6.7}{Cycle 2 \(Sprints 4-6\)}{section.6}% 48
\BOOKMARK [2][-]{subsection.6.8}{Cycle 3 \(Sprints 7 - 9\)}{section.6}% 49
\BOOKMARK [1][-]{section.7}{Analysis and Evaluation}{}% 50
\BOOKMARK [2][-]{subsection.7.1}{Critical Success Factors}{section.7}% 51
\BOOKMARK [2][-]{subsection.7.2}{Measurement of Success \046 Failure}{section.7}% 52
\BOOKMARK [2][-]{subsection.7.3}{UI Evaluation}{section.7}% 53
\BOOKMARK [2][-]{subsection.7.4}{Accessibility Audit}{section.7}% 54
\BOOKMARK [2][-]{subsection.7.5}{User Safety \046 Security}{section.7}% 55
\BOOKMARK [1][-]{section.8}{Individual Reflection}{}% 56
\BOOKMARK [1][-]{section*.78}{Appendices}{}% 57
\BOOKMARK [1][-]{appendix.A}{User Guide}{}% 58
\BOOKMARK [2][-]{subsection.A.1}{Slack sign-in}{appendix.A}% 59
\BOOKMARK [2][-]{subsection.A.2}{Demo sign-in}{appendix.A}% 60
\BOOKMARK [2][-]{subsection.A.3}{Add grade}{appendix.A}% 61
\BOOKMARK [2][-]{subsection.A.4}{Edit grade}{appendix.A}% 62
\BOOKMARK [1][-]{appendix.B}{User Stories}{}% 63
\BOOKMARK [1][-]{appendix.C}{User Feedback}{}% 64
\BOOKMARK [1][-]{appendix.D}{Git History}{}% 65
