\BOOKMARK [1][-]{section.1}{Aims and Objectives}{}% 1
\BOOKMARK [2][-]{subsection.1.1}{Background and Problem}{section.1}% 2
\BOOKMARK [2][-]{subsection.1.2}{Opportunity}{section.1}% 3
\BOOKMARK [2][-]{subsection.1.3}{Goals}{section.1}% 4
\BOOKMARK [1][-]{section.2}{Market Research}{}% 5
\BOOKMARK [2][-]{subsection.2.1}{Overview of Alternative Solutions}{section.2}% 6
\BOOKMARK [3][-]{subsubsection.2.1.1}{Grade Tracking}{subsection.2.1}% 7
\BOOKMARK [3][-]{subsubsection.2.1.2}{Grade Sharing}{subsection.2.1}% 8
\BOOKMARK [2][-]{subsection.2.2}{Comparison of Alternative Solutions}{section.2}% 9
\BOOKMARK [2][-]{subsection.2.3}{Market Positioning}{section.2}% 10
\BOOKMARK [3][-]{subsubsection.2.3.1}{STEEPLE Analysis}{subsection.2.3}% 11
\BOOKMARK [3][-]{subsubsection.2.3.2}{SWOT Analysis}{subsection.2.3}% 12
\BOOKMARK [1][-]{section.3}{Planning and Requirements Gathering}{}% 13
\BOOKMARK [2][-]{subsection.3.1}{Methodology}{section.3}% 14
\BOOKMARK [2][-]{subsection.3.2}{Discovery}{section.3}% 15
\BOOKMARK [2][-]{subsection.3.3}{High-Level Requirements Funnel}{section.3}% 16
\BOOKMARK [3][-]{subsubsection.3.3.1}{Key Research Questions}{subsection.3.3}% 17
\BOOKMARK [3][-]{subsubsection.3.3.2}{Online Survey - Design Choices}{subsection.3.3}% 18
\BOOKMARK [3][-]{subsubsection.3.3.3}{Online Survey - Questions and Results}{subsection.3.3}% 19
\BOOKMARK [3][-]{subsubsection.3.3.4}{Online Survey Insights}{subsection.3.3}% 20
\BOOKMARK [2][-]{subsection.3.4}{Initial Epics}{section.3}% 21
\BOOKMARK [2][-]{subsection.3.5}{Implementation Approach}{section.3}% 22
\BOOKMARK [1][-]{section.4}{Formative Testing and Evaluation}{}% 23
\BOOKMARK [2][-]{subsection.4.1}{Identifying Users}{section.4}% 24
\BOOKMARK [2][-]{subsection.4.2}{Testing \046 Evaluation Methods}{section.4}% 25
\BOOKMARK [3][-]{subsubsection.4.2.1}{Evaluation Type}{subsection.4.2}% 26
\BOOKMARK [3][-]{subsubsection.4.2.2}{Evaluation Approach}{subsection.4.2}% 27
\BOOKMARK [1][-]{section.5}{Prototyping Techniques}{}% 28
\BOOKMARK [2][-]{subsection.5.1}{Techniques}{section.5}% 29
\BOOKMARK [2][-]{subsection.5.2}{Storyboards \046 Sketching}{section.5}% 30
\BOOKMARK [2][-]{subsection.5.3}{Wireframes}{section.5}% 31
\BOOKMARK [1][-]{section.6}{Post-Launch Evaluation Techniques}{}% 32
\BOOKMARK [2][-]{subsection.6.1}{Critical Success Factors}{section.6}% 33
\BOOKMARK [2][-]{subsection.6.2}{Measurement of Success \046 Failure}{section.6}% 34
\BOOKMARK [1][-]{section*.64}{Appendices}{}% 35
\BOOKMARK [1][-]{appendix.A}{Git History}{}% 36
